n/objeto_c_190.jpg
n/objeto_c_189.jpg
n/objeto_c_188.jpg
n/objeto_c_187.jpg
n/objeto_c_186.jpg
n/objeto_c_185.jpg
n/objeto_c_184.jpg
n/objeto_c_183.jpg
n/objeto_c_182.jpg
n/objeto_c_181.jpg
n/objeto_c_180.jpg
n/objeto_c_179.jpg
n/objeto_c_178.jpg
n/objeto_c_177.jpg
n/objeto_c_176.jpg
n/objeto_c_175.jpg
n/objeto_c_174.jpg
n/objeto_c_173.jpg
n/objeto_c_172.jpg
n/objeto_c_171.jpg
n/objeto_c_170.jpg
n/objeto_c_169.jpg
n/objeto_c_168.jpg
n/objeto_c_167.jpg
n/objeto_c_166.jpg
n/objeto_c_165.jpg
n/objeto_c_164.jpg
n/objeto_c_163.jpg
n/objeto_c_162.jpg
n/objeto_c_161.jpg
n/objeto_c_160.jpg
n/objeto_c_159.jpg
n/objeto_c_158.jpg
n/objeto_c_157.jpg
n/objeto_c_156.jpg
n/objeto_c_155.jpg
n/objeto_c_154.jpg
n/objeto_c_153.jpg
n/objeto_c_152.jpg
n/objeto_c_151.jpg
n/objeto_c_150.jpg
n/objeto_c_149.jpg
n/objeto_c_148.jpg
n/objeto_c_147.jpg
n/objeto_c_146.jpg
n/objeto_c_145.jpg
n/objeto_c_144.jpg
n/objeto_c_143.jpg
n/objeto_c_142.jpg
n/objeto_c_141.jpg
n/objeto_c_140.jpg
n/objeto_c_139.jpg
n/objeto_c_138.jpg
n/objeto_c_137.jpg
n/objeto_c_136.jpg
n/objeto_c_135.jpg
n/objeto_c_134.jpg
n/objeto_c_133.jpg
n/objeto_c_132.jpg
n/objeto_c_131.jpg
n/objeto_c_130.jpg
n/objeto_c_129.jpg
n/objeto_c_128.jpg
n/objeto_c_127.jpg
n/objeto_c_126.jpg
n/objeto_c_125.jpg
n/objeto_c_124.jpg
n/objeto_c_123.jpg
n/objeto_c_122.jpg
n/objeto_c_121.jpg
n/objeto_c_120.jpg
n/objeto_c_119.jpg
n/objeto_c_118.jpg
n/objeto_c_117.jpg
n/objeto_c_116.jpg
n/objeto_c_115.jpg
n/objeto_c_114.jpg
n/objeto_c_113.jpg
n/objeto_c_112.jpg
n/objeto_c_111.jpg
n/objeto_c_110.jpg
n/objeto_c_109.jpg
n/objeto_c_108.jpg
n/objeto_c_107.jpg
n/objeto_c_106.jpg
n/objeto_c_105.jpg
n/objeto_c_104.jpg
n/objeto_c_103.jpg
n/objeto_c_102.jpg
n/objeto_c_101.jpg
n/objeto_c_100.jpg
n/objeto_c_99.jpg
n/objeto_c_98.jpg
n/objeto_c_97.jpg
n/objeto_c_96.jpg
n/objeto_c_95.jpg
n/objeto_c_94.jpg
n/objeto_c_93.jpg
n/objeto_c_92.jpg
n/objeto_c_91.jpg
n/objeto_c_90.jpg
n/objeto_c_89.jpg
n/objeto_c_88.jpg
n/objeto_c_87.jpg
n/objeto_c_86.jpg
n/objeto_c_85.jpg
n/objeto_c_84.jpg
n/objeto_c_83.jpg
n/objeto_c_82.jpg
n/objeto_c_81.jpg
n/objeto_c_80.jpg
n/objeto_c_79.jpg
n/objeto_c_78.jpg
n/objeto_c_77.jpg
n/objeto_c_76.jpg
n/objeto_c_75.jpg
n/objeto_c_74.jpg
n/objeto_c_73.jpg
n/objeto_c_72.jpg
n/objeto_c_71.jpg
n/objeto_c_70.jpg
n/objeto_c_69.jpg
n/objeto_c_68.jpg
n/objeto_c_67.jpg
n/objeto_c_66.jpg
n/objeto_c_65.jpg
n/objeto_c_64.jpg
n/objeto_c_63.jpg
n/objeto_c_62.jpg
n/objeto_c_61.jpg
n/objeto_c_60.jpg
n/objeto_c_59.jpg
n/objeto_c_58.jpg
n/objeto_c_57.jpg
n/objeto_c_56.jpg
n/objeto_c_55.jpg
n/objeto_c_54.jpg
n/objeto_c_53.jpg
n/objeto_c_52.jpg
n/objeto_c_51.jpg
n/objeto_c_50.jpg
n/objeto_c_49.jpg
n/objeto_c_48.jpg
n/objeto_c_47.jpg
n/objeto_c_46.jpg
n/objeto_c_45.jpg
n/objeto_c_44.jpg
n/objeto_c_43.jpg
n/objeto_c_42.jpg
n/objeto_c_41.jpg
n/objeto_c_40.jpg
n/objeto_c_39.jpg
n/objeto_c_38.jpg
n/objeto_c_37.jpg
n/objeto_c_36.jpg
n/objeto_c_35.jpg
n/objeto_c_34.jpg
n/objeto_c_33.jpg
n/objeto_c_32.jpg
n/objeto_c_31.jpg
n/objeto_c_30.jpg
n/objeto_c_29.jpg
n/objeto_c_28.jpg
n/objeto_c_27.jpg
n/objeto_c_26.jpg
n/objeto_c_25.jpg
n/objeto_c_24.jpg
n/objeto_c_23.jpg
n/objeto_c_22.jpg
n/objeto_c_21.jpg
n/objeto_c_20.jpg
n/objeto_c_19.jpg
n/objeto_c_18.jpg
n/objeto_c_17.jpg
n/objeto_c_16.jpg
n/objeto_c_15.jpg
n/objeto_c_14.jpg
n/objeto_c_13.jpg
n/objeto_c_12.jpg
n/objeto_c_11.jpg
n/objeto_c_10.jpg
n/objeto_c_9.jpg
n/objeto_c_8.jpg
n/objeto_c_7.jpg
n/objeto_c_6.jpg
n/objeto_c_5.jpg
n/objeto_c_4.jpg
n/objeto_c_3.jpg
n/objeto_c_2.jpg
n/objeto_c_1.jpg
n/objeto_c_0.jpg
n/objeto_b_551.jpg
n/objeto_b_550.jpg
n/objeto_b_549.jpg
n/objeto_b_548.jpg
n/objeto_b_547.jpg
n/objeto_b_546.jpg
n/objeto_b_545.jpg
n/objeto_b_544.jpg
n/objeto_b_543.jpg
n/objeto_b_542.jpg
n/objeto_b_541.jpg
n/objeto_b_540.jpg
n/objeto_b_539.jpg
n/objeto_b_538.jpg
n/objeto_b_537.jpg
n/objeto_b_536.jpg
n/objeto_b_535.jpg
n/objeto_b_534.jpg
n/objeto_b_533.jpg
n/objeto_b_532.jpg
n/objeto_b_531.jpg
n/objeto_b_530.jpg
n/objeto_b_529.jpg
n/objeto_b_528.jpg
n/objeto_b_527.jpg
n/objeto_b_526.jpg
n/objeto_b_525.jpg
n/objeto_b_524.jpg
n/objeto_b_523.jpg
n/objeto_b_522.jpg
n/objeto_b_521.jpg
n/objeto_b_520.jpg
n/objeto_b_519.jpg
n/objeto_b_518.jpg
n/objeto_b_517.jpg
n/objeto_b_516.jpg
n/objeto_b_515.jpg
n/objeto_b_514.jpg
n/objeto_b_513.jpg
n/objeto_b_512.jpg
n/objeto_b_511.jpg
n/objeto_b_510.jpg
n/objeto_b_509.jpg
n/objeto_b_508.jpg
n/objeto_b_507.jpg
n/objeto_b_506.jpg
n/objeto_b_505.jpg
n/objeto_b_504.jpg
n/objeto_b_503.jpg
n/objeto_b_502.jpg
n/objeto_b_501.jpg
n/objeto_b_500.jpg
n/objeto_b_499.jpg
n/objeto_b_498.jpg
n/objeto_b_497.jpg
n/objeto_b_496.jpg
n/objeto_b_495.jpg
n/objeto_b_494.jpg
n/objeto_b_493.jpg
n/objeto_b_492.jpg
n/objeto_b_491.jpg
n/objeto_b_490.jpg
n/objeto_b_489.jpg
n/objeto_b_488.jpg
n/objeto_b_487.jpg
n/objeto_b_486.jpg
n/objeto_b_485.jpg
n/objeto_b_484.jpg
n/objeto_b_483.jpg
n/objeto_b_482.jpg
n/objeto_b_481.jpg
n/objeto_b_480.jpg
n/objeto_b_479.jpg
n/objeto_b_478.jpg
n/objeto_b_477.jpg
n/objeto_b_476.jpg
n/objeto_b_475.jpg
n/objeto_b_474.jpg
n/objeto_b_473.jpg
n/objeto_b_472.jpg
n/objeto_b_471.jpg
n/objeto_b_470.jpg
n/objeto_b_469.jpg
n/objeto_b_468.jpg
n/objeto_b_467.jpg
n/objeto_b_466.jpg
n/objeto_b_465.jpg
n/objeto_b_464.jpg
n/objeto_b_463.jpg
n/objeto_b_462.jpg
n/objeto_b_461.jpg
n/objeto_b_460.jpg
n/objeto_b_459.jpg
n/objeto_b_458.jpg
n/objeto_b_457.jpg
n/objeto_b_456.jpg
n/objeto_b_455.jpg
n/objeto_b_454.jpg
n/objeto_b_453.jpg
n/objeto_b_452.jpg
n/objeto_b_451.jpg
n/objeto_b_450.jpg
n/objeto_b_449.jpg
n/objeto_b_448.jpg
n/objeto_b_447.jpg
n/objeto_b_446.jpg
n/objeto_b_445.jpg
n/objeto_b_444.jpg
n/objeto_b_443.jpg
n/objeto_b_442.jpg
n/objeto_b_441.jpg
n/objeto_b_440.jpg
n/objeto_b_439.jpg
n/objeto_b_438.jpg
n/objeto_b_437.jpg
n/objeto_b_436.jpg
n/objeto_b_435.jpg
n/objeto_b_434.jpg
n/objeto_b_433.jpg
n/objeto_b_432.jpg
n/objeto_b_431.jpg
n/objeto_b_430.jpg
n/objeto_b_429.jpg
n/objeto_b_428.jpg
n/objeto_b_427.jpg
n/objeto_b_426.jpg
n/objeto_b_425.jpg
n/objeto_b_424.jpg
n/objeto_b_423.jpg
n/objeto_b_422.jpg
n/objeto_b_421.jpg
n/objeto_b_420.jpg
n/objeto_b_419.jpg
n/objeto_b_418.jpg
n/objeto_b_417.jpg
n/objeto_b_416.jpg
n/objeto_b_415.jpg
n/objeto_b_414.jpg
n/objeto_b_413.jpg
n/objeto_b_412.jpg
n/objeto_b_411.jpg
n/objeto_b_410.jpg
n/objeto_b_409.jpg
n/objeto_b_408.jpg
n/objeto_b_407.jpg
n/objeto_b_406.jpg
n/objeto_b_405.jpg
n/objeto_b_404.jpg
n/objeto_b_403.jpg
n/objeto_b_402.jpg
n/objeto_b_401.jpg
n/objeto_b_400.jpg
n/objeto_b_399.jpg
n/objeto_b_398.jpg
n/objeto_b_397.jpg
n/objeto_b_396.jpg
n/objeto_b_395.jpg
n/objeto_b_394.jpg
n/objeto_b_393.jpg
n/objeto_b_392.jpg
n/objeto_b_391.jpg
n/objeto_b_390.jpg
n/objeto_b_389.jpg
n/objeto_b_388.jpg
n/objeto_b_387.jpg
n/objeto_b_386.jpg
n/objeto_b_385.jpg
n/objeto_b_384.jpg
n/objeto_b_383.jpg
n/objeto_b_382.jpg
n/objeto_b_381.jpg
n/objeto_b_380.jpg
n/objeto_b_379.jpg
n/objeto_b_378.jpg
n/objeto_b_377.jpg
n/objeto_b_376.jpg
n/objeto_b_375.jpg
n/objeto_b_374.jpg
n/objeto_b_373.jpg
n/objeto_b_372.jpg
n/objeto_b_371.jpg
n/objeto_b_370.jpg
n/objeto_b_369.jpg
n/objeto_b_368.jpg
n/objeto_b_367.jpg
n/objeto_b_366.jpg
n/objeto_b_365.jpg
n/objeto_b_364.jpg
n/objeto_b_363.jpg
n/objeto_b_362.jpg
n/objeto_b_361.jpg
n/objeto_b_360.jpg
n/objeto_b_359.jpg
n/objeto_b_358.jpg
n/objeto_b_357.jpg
n/objeto_b_356.jpg
n/objeto_b_355.jpg
n/objeto_b_354.jpg
n/objeto_b_353.jpg
n/objeto_b_352.jpg
n/objeto_b_351.jpg
n/objeto_b_350.jpg
n/objeto_b_349.jpg
n/objeto_b_348.jpg
n/objeto_b_347.jpg
n/objeto_b_346.jpg
n/objeto_b_345.jpg
n/objeto_b_344.jpg
n/objeto_b_343.jpg
n/objeto_b_342.jpg
n/objeto_b_341.jpg
n/objeto_b_340.jpg
n/objeto_b_339.jpg
n/objeto_b_338.jpg
n/objeto_b_337.jpg
n/objeto_b_336.jpg
n/objeto_b_335.jpg
n/objeto_b_334.jpg
n/objeto_b_333.jpg
n/objeto_b_332.jpg
n/objeto_b_331.jpg
n/objeto_b_330.jpg
n/objeto_b_329.jpg
n/objeto_b_328.jpg
n/objeto_b_327.jpg
n/objeto_b_326.jpg
n/objeto_b_325.jpg
n/objeto_b_324.jpg
n/objeto_b_323.jpg
n/objeto_b_322.jpg
n/objeto_b_321.jpg
n/objeto_b_320.jpg
n/objeto_b_319.jpg
n/objeto_b_318.jpg
n/objeto_b_317.jpg
n/objeto_b_316.jpg
n/objeto_b_315.jpg
n/objeto_b_314.jpg
n/objeto_b_313.jpg
n/objeto_b_312.jpg
n/objeto_b_311.jpg
n/objeto_b_310.jpg
n/objeto_b_309.jpg
n/objeto_b_308.jpg
n/objeto_b_307.jpg
n/objeto_b_306.jpg
n/objeto_b_305.jpg
n/objeto_b_304.jpg
n/objeto_b_303.jpg
n/objeto_b_302.jpg
n/objeto_b_301.jpg
n/objeto_b_300.jpg
n/objeto_b_299.jpg
n/objeto_b_298.jpg
n/objeto_b_297.jpg
n/objeto_b_296.jpg
n/objeto_b_295.jpg
n/objeto_b_294.jpg
n/objeto_b_293.jpg
n/objeto_b_292.jpg
n/objeto_b_291.jpg
n/objeto_b_290.jpg
n/objeto_b_289.jpg
n/objeto_b_288.jpg
n/objeto_b_287.jpg
n/objeto_b_286.jpg
n/objeto_b_285.jpg
n/objeto_b_284.jpg
n/objeto_b_283.jpg
n/objeto_b_282.jpg
n/objeto_b_281.jpg
n/objeto_b_280.jpg
n/objeto_b_279.jpg
n/objeto_b_278.jpg
n/objeto_b_277.jpg
n/objeto_b_276.jpg
n/objeto_b_275.jpg
n/objeto_b_274.jpg
n/objeto_b_273.jpg
n/objeto_b_272.jpg
n/objeto_b_271.jpg
n/objeto_b_270.jpg
n/objeto_b_269.jpg
n/objeto_b_268.jpg
n/objeto_b_267.jpg
n/objeto_b_266.jpg
n/objeto_b_265.jpg
n/objeto_b_264.jpg
n/objeto_b_263.jpg
n/objeto_b_262.jpg
n/objeto_b_261.jpg
n/objeto_b_260.jpg
n/objeto_b_259.jpg
n/objeto_b_258.jpg
n/objeto_b_257.jpg
n/objeto_b_256.jpg
n/objeto_b_255.jpg
n/objeto_b_254.jpg
n/objeto_b_253.jpg
n/objeto_b_252.jpg
n/objeto_b_251.jpg
n/objeto_b_250.jpg
n/objeto_b_249.jpg
n/objeto_b_248.jpg
n/objeto_b_247.jpg
n/objeto_b_246.jpg
n/objeto_b_245.jpg
n/objeto_b_244.jpg
n/objeto_b_243.jpg
n/objeto_b_242.jpg
n/objeto_b_241.jpg
n/objeto_b_240.jpg
n/objeto_b_239.jpg
n/objeto_b_238.jpg
n/objeto_b_237.jpg
n/objeto_b_236.jpg
n/objeto_b_235.jpg
n/objeto_b_234.jpg
n/objeto_b_233.jpg
n/objeto_b_232.jpg
n/objeto_b_231.jpg
n/objeto_b_230.jpg
n/objeto_b_229.jpg
n/objeto_b_228.jpg
n/objeto_b_227.jpg
n/objeto_b_226.jpg
n/objeto_b_225.jpg
n/objeto_b_224.jpg
n/objeto_b_223.jpg
n/objeto_b_222.jpg
n/objeto_b_221.jpg
n/objeto_b_220.jpg
n/objeto_b_219.jpg
n/objeto_b_218.jpg
n/objeto_b_217.jpg
n/objeto_b_216.jpg
n/objeto_b_215.jpg
n/objeto_b_214.jpg
n/objeto_b_213.jpg
n/objeto_b_212.jpg
n/objeto_b_211.jpg
n/objeto_b_210.jpg
n/objeto_b_209.jpg
n/objeto_b_208.jpg
n/objeto_b_207.jpg
n/objeto_b_206.jpg
n/objeto_b_205.jpg
n/objeto_b_204.jpg
n/objeto_b_203.jpg
n/objeto_b_202.jpg
n/objeto_b_201.jpg
n/objeto_b_200.jpg
n/objeto_b_199.jpg
n/objeto_b_198.jpg
n/objeto_b_197.jpg
n/objeto_b_196.jpg
n/objeto_b_195.jpg
n/objeto_b_194.jpg
n/objeto_b_193.jpg
n/objeto_b_192.jpg
n/objeto_b_191.jpg
n/objeto_b_190.jpg
n/objeto_b_189.jpg
n/objeto_b_188.jpg
n/objeto_b_187.jpg
n/objeto_b_186.jpg
n/objeto_b_185.jpg
n/objeto_b_184.jpg
n/objeto_b_183.jpg
n/objeto_b_182.jpg
n/objeto_b_181.jpg
n/objeto_b_180.jpg
n/objeto_b_179.jpg
n/objeto_b_178.jpg
n/objeto_b_177.jpg
n/objeto_b_176.jpg
n/objeto_b_175.jpg
n/objeto_b_174.jpg
n/objeto_b_173.jpg
n/objeto_b_172.jpg
n/objeto_b_171.jpg
n/objeto_b_170.jpg
n/objeto_b_169.jpg
n/objeto_b_168.jpg
n/objeto_b_167.jpg
n/objeto_b_166.jpg
n/objeto_b_165.jpg
n/objeto_b_164.jpg
n/objeto_b_163.jpg
n/objeto_b_162.jpg
n/objeto_b_161.jpg
n/objeto_b_160.jpg
n/objeto_b_159.jpg
n/objeto_b_158.jpg
n/objeto_b_157.jpg
n/objeto_b_156.jpg
n/objeto_b_155.jpg
n/objeto_b_154.jpg
n/objeto_b_153.jpg
n/objeto_b_152.jpg
n/objeto_b_151.jpg
n/objeto_b_150.jpg
n/objeto_b_149.jpg
n/objeto_b_148.jpg
n/objeto_b_147.jpg
n/objeto_b_146.jpg
n/objeto_b_145.jpg
n/objeto_b_144.jpg
n/objeto_b_143.jpg
n/objeto_b_142.jpg
n/objeto_b_141.jpg
n/objeto_b_140.jpg
n/objeto_b_139.jpg
n/objeto_b_138.jpg
n/objeto_b_137.jpg
n/objeto_b_136.jpg
n/objeto_b_135.jpg
n/objeto_b_134.jpg
n/objeto_b_133.jpg
n/objeto_b_132.jpg
n/objeto_b_131.jpg
n/objeto_b_130.jpg
n/objeto_b_129.jpg
n/objeto_b_128.jpg
n/objeto_b_127.jpg
n/objeto_b_126.jpg
n/objeto_b_125.jpg
n/objeto_b_124.jpg
n/objeto_b_123.jpg
n/objeto_b_122.jpg
n/objeto_b_121.jpg
n/objeto_b_120.jpg
n/objeto_b_119.jpg
n/objeto_b_118.jpg
n/objeto_b_117.jpg
n/objeto_b_116.jpg
n/objeto_b_115.jpg
n/objeto_b_114.jpg
n/objeto_b_113.jpg
n/objeto_b_112.jpg
n/objeto_b_111.jpg
n/objeto_b_110.jpg
n/objeto_b_109.jpg
n/objeto_b_108.jpg
n/objeto_b_107.jpg
n/objeto_b_106.jpg
n/objeto_b_105.jpg
n/objeto_b_104.jpg
n/objeto_b_103.jpg
n/objeto_b_102.jpg
n/objeto_b_101.jpg
n/objeto_b_100.jpg
n/objeto_b_99.jpg
n/objeto_b_98.jpg
n/objeto_b_97.jpg
n/objeto_b_96.jpg
n/objeto_b_95.jpg
n/objeto_b_94.jpg
n/objeto_b_93.jpg
n/objeto_b_92.jpg
n/objeto_b_91.jpg
n/objeto_b_90.jpg
n/objeto_b_89.jpg
n/objeto_b_57.jpg
n/objeto_b_56.jpg
n/objeto_b_55.jpg
n/objeto_b_54.jpg
n/objeto_b_53.jpg
n/objeto_b_52.jpg
n/objeto_b_51.jpg
n/objeto_b_50.jpg
n/objeto_b_49.jpg
n/objeto_b_48.jpg
n/objeto_b_47.jpg
n/objeto_b_46.jpg
n/objeto_b_45.jpg
n/objeto_b_44.jpg
n/objeto_b_43.jpg
n/objeto_b_42.jpg
n/objeto_b_41.jpg
n/objeto_b_40.jpg
n/objeto_b_39.jpg
n/objeto_b_38.jpg
n/objeto_b_37.jpg
n/objeto_b_36.jpg
n/objeto_b_35.jpg
n/objeto_b_34.jpg
n/objeto_b_33.jpg
n/objeto_b_32.jpg
n/objeto_b_31.jpg
n/objeto_b_30.jpg
n/objeto_b_29.jpg
n/objeto_b_28.jpg
n/objeto_b_27.jpg
n/objeto_b_26.jpg
n/objeto_b_25.jpg
n/objeto_b_24.jpg
n/objeto_b_23.jpg
n/objeto_b_22.jpg
n/objeto_b_21.jpg
n/objeto_b_20.jpg
n/objeto_b_19.jpg
n/objeto_b_18.jpg
n/objeto_b_17.jpg
n/objeto_b_16.jpg
n/objeto_b_15.jpg
n/objeto_b_14.jpg
n/objeto_b_13.jpg
n/objeto_b_12.jpg
n/objeto_b_11.jpg
n/objeto_b_10.jpg
n/objeto_b_9.jpg
n/objeto_b_8.jpg
n/objeto_b_7.jpg
n/objeto_b_6.jpg
n/objeto_b_5.jpg
n/objeto_b_4.jpg
n/objeto_b_3.jpg
n/objeto_b_2.jpg
n/objeto_b_1.jpg
n/objeto_b_0.jpg
n/objeto_b_88.jpg
n/objeto_b_87.jpg
n/objeto_b_86.jpg
n/objeto_b_85.jpg
n/objeto_b_84.jpg
n/objeto_b_83.jpg
n/objeto_b_82.jpg
n/objeto_b_81.jpg
n/objeto_b_80.jpg
n/objeto_b_79.jpg
n/objeto_b_78.jpg
n/objeto_b_77.jpg
n/objeto_b_76.jpg
n/objeto_b_75.jpg
n/objeto_b_74.jpg
n/objeto_b_73.jpg
n/objeto_b_72.jpg
n/objeto_b_71.jpg
n/objeto_b_70.jpg
n/objeto_b_69.jpg
n/objeto_b_68.jpg
n/objeto_b_67.jpg
n/objeto_b_66.jpg
n/objeto_b_65.jpg
n/objeto_b_64.jpg
n/objeto_b_63.jpg
n/objeto_b_62.jpg
n/objeto_b_61.jpg
n/objeto_b_60.jpg
n/objeto_b_59.jpg
n/objeto_b_58.jpg
n/objeto_a_135.jpg
n/objeto_a_134.jpg
n/objeto_a_133.jpg
n/objeto_a_132.jpg
n/objeto_a_131.jpg
n/objeto_a_130.jpg
n/objeto_a_129.jpg
n/objeto_a_128.jpg
n/objeto_a_127.jpg
n/objeto_a_126.jpg
n/objeto_a_125.jpg
n/objeto_a_124.jpg
n/objeto_a_123.jpg
n/objeto_a_122.jpg
n/objeto_a_121.jpg
n/objeto_a_120.jpg
n/objeto_a_119.jpg
n/objeto_a_118.jpg
n/objeto_a_117.jpg
n/objeto_a_116.jpg
n/objeto_a_115.jpg
n/objeto_a_114.jpg
n/objeto_a_113.jpg
n/objeto_a_112.jpg
n/objeto_a_111.jpg
n/objeto_a_110.jpg
n/objeto_a_109.jpg
n/objeto_a_108.jpg
n/objeto_a_107.jpg
n/objeto_a_106.jpg
n/objeto_a_105.jpg
n/objeto_a_104.jpg
n/objeto_a_103.jpg
n/objeto_a_102.jpg
n/objeto_a_101.jpg
n/objeto_a_100.jpg
n/objeto_a_99.jpg
n/objeto_a_98.jpg
n/objeto_a_97.jpg
n/objeto_a_96.jpg
n/objeto_a_95.jpg
n/objeto_a_94.jpg
n/objeto_a_93.jpg
n/objeto_a_92.jpg
n/objeto_a_91.jpg
n/objeto_a_90.jpg
n/objeto_a_89.jpg
n/objeto_a_88.jpg
n/objeto_a_87.jpg
n/objeto_a_86.jpg
n/objeto_a_85.jpg
n/objeto_a_84.jpg
n/objeto_a_83.jpg
n/objeto_a_82.jpg
n/objeto_a_81.jpg
n/objeto_a_80.jpg
n/objeto_a_79.jpg
n/objeto_a_78.jpg
n/objeto_a_77.jpg
n/objeto_a_76.jpg
n/objeto_a_75.jpg
n/objeto_a_74.jpg
n/objeto_a_73.jpg
n/objeto_a_72.jpg
n/objeto_a_71.jpg
n/objeto_a_70.jpg
n/objeto_a_69.jpg
n/objeto_a_68.jpg
n/objeto_a_67.jpg
n/objeto_a_66.jpg
n/objeto_a_65.jpg
n/objeto_a_64.jpg
n/objeto_a_63.jpg
n/objeto_a_62.jpg
n/objeto_a_61.jpg
n/objeto_a_60.jpg
n/objeto_a_59.jpg
n/objeto_a_58.jpg
n/objeto_a_57.jpg
n/objeto_a_56.jpg
n/objeto_a_55.jpg
n/objeto_a_54.jpg
n/objeto_a_53.jpg
n/objeto_a_52.jpg
n/objeto_a_51.jpg
n/objeto_a_50.jpg
n/objeto_a_49.jpg
n/objeto_a_48.jpg
n/objeto_a_47.jpg
n/objeto_a_46.jpg
n/objeto_a_45.jpg
n/objeto_a_44.jpg
n/objeto_a_43.jpg
n/objeto_a_42.jpg
n/objeto_a_41.jpg
n/objeto_a_40.jpg
n/objeto_a_39.jpg
n/objeto_a_38.jpg
n/objeto_a_37.jpg
n/objeto_a_36.jpg
n/objeto_a_35.jpg
n/objeto_a_34.jpg
n/objeto_a_33.jpg
n/objeto_a_32.jpg
n/objeto_a_31.jpg
n/objeto_a_30.jpg
n/objeto_a_29.jpg
n/objeto_a_28.jpg
n/objeto_a_27.jpg
n/objeto_a_26.jpg
n/objeto_a_25.jpg
n/objeto_a_24.jpg
n/objeto_a_23.jpg
n/objeto_a_22.jpg
n/objeto_a_21.jpg
n/objeto_a_20.jpg
n/objeto_a_19.jpg
n/objeto_a_18.jpg
n/objeto_a_17.jpg
n/objeto_a_16.jpg
n/objeto_a_15.jpg
n/objeto_a_14.jpg
n/objeto_a_13.jpg
n/objeto_a_12.jpg
n/objeto_a_11.jpg
n/objeto_a_10.jpg
n/objeto_a_9.jpg
n/objeto_a_8.jpg
n/objeto_a_7.jpg
n/objeto_a_6.jpg
n/objeto_a_5.jpg
n/objeto_a_4.jpg
n/objeto_a_3.jpg
n/objeto_a_2.jpg
n/objeto_a_1.jpg
n/objeto_a_0.jpg
n/objeto_411.jpg
n/objeto_410.jpg
n/objeto_409.jpg
n/objeto_408.jpg
n/objeto_407.jpg
n/objeto_406.jpg
n/objeto_405.jpg
n/objeto_404.jpg
n/objeto_403.jpg
n/objeto_402.jpg
n/objeto_401.jpg
n/objeto_400.jpg
n/objeto_399.jpg
n/objeto_398.jpg
n/objeto_397.jpg
n/objeto_396.jpg
n/objeto_395.jpg
n/objeto_394.jpg
n/objeto_393.jpg
n/objeto_392.jpg
n/objeto_391.jpg
n/objeto_390.jpg
n/objeto_389.jpg
n/objeto_388.jpg
n/objeto_387.jpg
n/objeto_386.jpg
n/objeto_385.jpg
n/objeto_384.jpg
n/objeto_383.jpg
n/objeto_382.jpg
n/objeto_381.jpg
n/objeto_380.jpg
n/objeto_379.jpg
n/objeto_378.jpg
n/objeto_377.jpg
n/objeto_376.jpg
n/objeto_375.jpg
n/objeto_374.jpg
n/objeto_373.jpg
n/objeto_372.jpg
n/objeto_371.jpg
n/objeto_370.jpg
n/objeto_369.jpg
n/objeto_368.jpg
n/objeto_367.jpg
n/objeto_366.jpg
n/objeto_365.jpg
n/objeto_364.jpg
n/objeto_363.jpg
n/objeto_362.jpg
n/objeto_361.jpg
n/objeto_360.jpg
n/objeto_359.jpg
n/objeto_358.jpg
n/objeto_357.jpg
n/objeto_356.jpg
n/objeto_355.jpg
n/objeto_354.jpg
n/objeto_353.jpg
n/objeto_352.jpg
n/objeto_351.jpg
n/objeto_350.jpg
n/objeto_349.jpg
n/objeto_348.jpg
n/objeto_347.jpg
n/objeto_346.jpg
n/objeto_345.jpg
n/objeto_344.jpg
n/objeto_343.jpg
n/objeto_342.jpg
n/objeto_341.jpg
n/objeto_340.jpg
n/objeto_339.jpg
n/objeto_338.jpg
n/objeto_337.jpg
n/objeto_336.jpg
n/objeto_335.jpg
n/objeto_334.jpg
n/objeto_333.jpg
n/objeto_332.jpg
n/objeto_331.jpg
n/objeto_330.jpg
n/objeto_329.jpg
n/objeto_328.jpg
n/objeto_327.jpg
n/objeto_326.jpg
n/objeto_325.jpg
n/objeto_324.jpg
n/objeto_323.jpg
n/objeto_322.jpg
n/objeto_321.jpg
n/objeto_320.jpg
n/objeto_319.jpg
n/objeto_318.jpg
n/objeto_317.jpg
n/objeto_316.jpg
n/objeto_315.jpg
n/objeto_314.jpg
n/objeto_313.jpg
n/objeto_312.jpg
n/objeto_311.jpg
n/objeto_310.jpg
n/objeto_309.jpg
n/objeto_308.jpg
n/objeto_307.jpg
n/objeto_306.jpg
n/objeto_305.jpg
n/objeto_304.jpg
n/objeto_303.jpg
n/objeto_302.jpg
n/objeto_301.jpg
n/objeto_300.jpg
n/objeto_299.jpg
n/objeto_298.jpg
n/objeto_297.jpg
n/objeto_296.jpg
n/objeto_295.jpg
n/objeto_294.jpg
n/objeto_293.jpg
n/objeto_292.jpg
n/objeto_291.jpg
n/objeto_290.jpg
n/objeto_289.jpg
n/objeto_288.jpg
n/objeto_287.jpg
n/objeto_286.jpg
n/objeto_285.jpg
n/objeto_284.jpg
n/objeto_283.jpg
n/objeto_282.jpg
n/objeto_281.jpg
n/objeto_280.jpg
n/objeto_279.jpg
n/objeto_278.jpg
n/objeto_277.jpg
n/objeto_276.jpg
n/objeto_275.jpg
n/objeto_274.jpg
n/objeto_273.jpg
n/objeto_272.jpg
n/objeto_271.jpg
n/objeto_270.jpg
n/objeto_269.jpg
n/objeto_268.jpg
n/objeto_267.jpg
n/objeto_266.jpg
n/objeto_265.jpg
n/objeto_264.jpg
n/objeto_263.jpg
n/objeto_262.jpg
n/objeto_261.jpg
n/objeto_260.jpg
n/objeto_259.jpg
n/objeto_258.jpg
n/objeto_257.jpg
n/objeto_256.jpg
n/objeto_255.jpg
n/objeto_254.jpg
n/objeto_253.jpg
n/objeto_252.jpg
n/objeto_251.jpg
n/objeto_250.jpg
n/objeto_249.jpg
n/objeto_248.jpg
n/objeto_247.jpg
n/objeto_246.jpg
n/objeto_245.jpg
n/objeto_244.jpg
n/objeto_243.jpg
n/objeto_242.jpg
n/objeto_241.jpg
n/objeto_240.jpg
n/objeto_239.jpg
n/objeto_238.jpg
n/objeto_237.jpg
n/objeto_236.jpg
n/objeto_235.jpg
n/objeto_234.jpg
n/objeto_233.jpg
n/objeto_232.jpg
n/objeto_231.jpg
n/objeto_230.jpg
n/objeto_229.jpg
n/objeto_228.jpg
n/objeto_227.jpg
n/objeto_226.jpg
n/objeto_225.jpg
n/objeto_224.jpg
n/objeto_223.jpg
n/objeto_222.jpg
n/objeto_221.jpg
n/objeto_220.jpg
n/objeto_219.jpg
n/objeto_218.jpg
n/objeto_217.jpg
n/objeto_216.jpg
n/objeto_215.jpg
n/objeto_214.jpg
n/objeto_213.jpg
n/objeto_212.jpg
n/objeto_211.jpg
n/objeto_210.jpg
n/objeto_209.jpg
n/objeto_208.jpg
n/objeto_207.jpg
n/objeto_206.jpg
n/objeto_205.jpg
n/objeto_204.jpg
n/objeto_203.jpg
n/objeto_202.jpg
n/objeto_201.jpg
n/objeto_200.jpg
n/objeto_199.jpg
n/objeto_198.jpg
n/objeto_197.jpg
n/objeto_196.jpg
n/objeto_195.jpg
n/objeto_194.jpg
n/objeto_193.jpg
n/objeto_192.jpg
n/objeto_191.jpg
n/objeto_190.jpg
n/objeto_189.jpg
n/objeto_188.jpg
n/objeto_187.jpg
n/objeto_186.jpg
n/objeto_185.jpg
n/objeto_184.jpg
n/objeto_183.jpg
n/objeto_182.jpg
n/objeto_181.jpg
n/objeto_180.jpg
n/objeto_179.jpg
n/objeto_178.jpg
n/objeto_177.jpg
n/objeto_176.jpg
n/objeto_175.jpg
n/objeto_174.jpg
n/objeto_173.jpg
n/objeto_172.jpg
n/objeto_171.jpg
n/objeto_170.jpg
n/objeto_169.jpg
n/objeto_168.jpg
n/objeto_167.jpg
n/objeto_166.jpg
n/objeto_165.jpg
n/objeto_164.jpg
n/objeto_163.jpg
n/objeto_162.jpg
n/objeto_161.jpg
n/objeto_160.jpg
n/objeto_159.jpg
n/objeto_158.jpg
n/objeto_157.jpg
n/objeto_156.jpg
n/objeto_155.jpg
n/objeto_154.jpg
n/objeto_153.jpg
n/objeto_152.jpg
n/objeto_151.jpg
n/objeto_150.jpg
n/objeto_149.jpg
n/objeto_148.jpg
n/objeto_147.jpg
n/objeto_146.jpg
n/objeto_145.jpg
n/objeto_144.jpg
n/objeto_143.jpg
n/objeto_142.jpg
n/objeto_141.jpg
n/objeto_140.jpg
n/objeto_139.jpg
n/objeto_138.jpg
n/objeto_137.jpg
n/objeto_136.jpg
n/objeto_135.jpg
n/objeto_134.jpg
n/objeto_133.jpg
n/objeto_132.jpg
n/objeto_131.jpg
n/objeto_130.jpg
n/objeto_129.jpg
n/objeto_128.jpg
n/objeto_127.jpg
n/objeto_126.jpg
n/objeto_125.jpg
n/objeto_124.jpg
n/objeto_123.jpg
n/objeto_122.jpg
n/objeto_121.jpg
n/objeto_120.jpg
n/objeto_119.jpg
n/objeto_118.jpg
n/objeto_117.jpg
n/objeto_116.jpg
n/objeto_115.jpg
n/objeto_114.jpg
n/objeto_113.jpg
n/objeto_112.jpg
n/objeto_111.jpg
n/objeto_110.jpg
n/objeto_109.jpg
n/objeto_108.jpg
n/objeto_107.jpg
n/objeto_106.jpg
n/objeto_105.jpg
n/objeto_104.jpg
n/objeto_103.jpg
n/objeto_102.jpg
n/objeto_101.jpg
n/objeto_100.jpg
n/objeto_99.jpg
n/objeto_98.jpg
n/objeto_97.jpg
n/objeto_96.jpg
n/objeto_95.jpg
n/objeto_94.jpg
n/objeto_93.jpg
n/objeto_92.jpg
n/objeto_91.jpg
n/objeto_90.jpg
n/objeto_89.jpg
n/objeto_88.jpg
n/objeto_87.jpg
n/objeto_86.jpg
n/objeto_85.jpg
n/objeto_84.jpg
n/objeto_83.jpg
n/objeto_82.jpg
n/objeto_81.jpg
n/objeto_80.jpg
n/objeto_79.jpg
n/objeto_78.jpg
n/objeto_77.jpg
n/objeto_76.jpg
n/objeto_75.jpg
n/objeto_74.jpg
n/objeto_73.jpg
n/objeto_72.jpg
n/objeto_71.jpg
n/objeto_70.jpg
n/objeto_69.jpg
n/objeto_68.jpg
n/objeto_67.jpg
n/objeto_66.jpg
n/objeto_65.jpg
n/objeto_64.jpg
n/objeto_63.jpg
n/objeto_62.jpg
n/objeto_61.jpg
n/objeto_60.jpg
n/objeto_59.jpg
n/objeto_58.jpg
n/objeto_57.jpg
n/objeto_56.jpg
n/objeto_55.jpg
n/objeto_54.jpg
n/objeto_53.jpg
n/objeto_52.jpg
n/objeto_51.jpg
n/objeto_50.jpg
n/objeto_49.jpg
n/objeto_48.jpg
n/objeto_47.jpg
n/objeto_46.jpg
n/objeto_45.jpg
n/objeto_44.jpg
n/objeto_43.jpg
n/objeto_42.jpg
n/objeto_41.jpg
n/objeto_40.jpg
n/objeto_39.jpg
n/objeto_38.jpg
n/objeto_37.jpg
n/objeto_36.jpg
n/objeto_35.jpg
n/objeto_34.jpg
n/objeto_33.jpg
n/objeto_32.jpg
n/objeto_31.jpg
n/objeto_30.jpg
n/objeto_29.jpg
n/objeto_28.jpg
n/objeto_27.jpg
n/objeto_26.jpg
n/objeto_25.jpg
n/objeto_24.jpg
n/objeto_23.jpg
n/objeto_22.jpg
n/objeto_21.jpg
n/objeto_20.jpg
n/objeto_19.jpg
n/objeto_18.jpg
n/objeto_17.jpg
n/objeto_16.jpg
n/objeto_15.jpg
n/objeto_14.jpg
n/objeto_13.jpg
n/objeto_12.jpg
n/objeto_11.jpg
n/objeto_10.jpg
n/objeto_9.jpg
n/objeto_8.jpg
n/objeto_7.jpg
n/objeto_6.jpg
n/objeto_5.jpg
n/objeto_4.jpg
n/objeto_3.jpg
n/objeto_2.jpg
n/objeto_1.jpg
n/objeto_0.jpg
n/objeto_458.jpg
n/objeto_457.jpg
n/objeto_456.jpg
n/objeto_455.jpg
n/objeto_454.jpg
n/objeto_453.jpg
n/objeto_452.jpg
n/objeto_451.jpg
n/objeto_450.jpg
n/objeto_449.jpg
n/objeto_448.jpg
n/objeto_447.jpg
n/objeto_446.jpg
n/objeto_445.jpg
n/objeto_444.jpg
n/objeto_443.jpg
n/objeto_442.jpg
n/objeto_441.jpg
n/objeto_440.jpg
n/objeto_439.jpg
n/objeto_438.jpg
n/objeto_437.jpg
n/objeto_436.jpg
n/objeto_435.jpg
n/objeto_434.jpg
n/objeto_433.jpg
n/objeto_432.jpg
n/objeto_431.jpg
n/objeto_430.jpg
n/objeto_429.jpg
n/objeto_428.jpg
n/objeto_427.jpg
n/objeto_426.jpg
n/objeto_425.jpg
n/objeto_424.jpg
n/objeto_423.jpg
n/objeto_422.jpg
n/objeto_421.jpg
n/objeto_420.jpg
n/objeto_419.jpg
n/objeto_418.jpg
n/objeto_417.jpg
n/objeto_416.jpg
n/objeto_415.jpg
n/objeto_414.jpg
n/objeto_413.jpg
n/objeto_412.jpg