p/objeto_c_691.jpg 1 0 0 38 46
p/objeto_c_690.jpg 1 0 0 38 46
p/objeto_c_689.jpg 1 0 0 38 46
p/objeto_c_688.jpg 1 0 0 38 46
p/objeto_c_687.jpg 1 0 0 38 46
p/objeto_c_686.jpg 1 0 0 38 46
p/objeto_c_685.jpg 1 0 0 38 46
p/objeto_c_684.jpg 1 0 0 38 46
p/objeto_c_683.jpg 1 0 0 38 46
p/objeto_c_682.jpg 1 0 0 38 46
p/objeto_c_681.jpg 1 0 0 38 46
p/objeto_c_680.jpg 1 0 0 38 46
p/objeto_c_679.jpg 1 0 0 38 46
p/objeto_c_678.jpg 1 0 0 38 46
p/objeto_c_677.jpg 1 0 0 38 46
p/objeto_c_676.jpg 1 0 0 38 46
p/objeto_c_675.jpg 1 0 0 38 46
p/objeto_c_674.jpg 1 0 0 38 46
p/objeto_c_673.jpg 1 0 0 38 46
p/objeto_c_672.jpg 1 0 0 38 46
p/objeto_c_671.jpg 1 0 0 38 46
p/objeto_c_670.jpg 1 0 0 38 46
p/objeto_c_669.jpg 1 0 0 38 46
p/objeto_c_668.jpg 1 0 0 38 46
p/objeto_c_667.jpg 1 0 0 38 46
p/objeto_c_666.jpg 1 0 0 38 46
p/objeto_c_665.jpg 1 0 0 38 46
p/objeto_c_664.jpg 1 0 0 38 46
p/objeto_c_663.jpg 1 0 0 38 46
p/objeto_c_662.jpg 1 0 0 38 46
p/objeto_c_661.jpg 1 0 0 38 46
p/objeto_c_660.jpg 1 0 0 38 46
p/objeto_c_659.jpg 1 0 0 38 46
p/objeto_c_658.jpg 1 0 0 38 46
p/objeto_c_657.jpg 1 0 0 38 46
p/objeto_c_656.jpg 1 0 0 38 46
p/objeto_c_655.jpg 1 0 0 38 46
p/objeto_c_654.jpg 1 0 0 38 46
p/objeto_c_653.jpg 1 0 0 38 46
p/objeto_c_652.jpg 1 0 0 38 46
p/objeto_c_651.jpg 1 0 0 38 46
p/objeto_c_650.jpg 1 0 0 38 46
p/objeto_c_649.jpg 1 0 0 38 46
p/objeto_c_648.jpg 1 0 0 38 46
p/objeto_c_647.jpg 1 0 0 38 46
p/objeto_c_646.jpg 1 0 0 38 46
p/objeto_c_645.jpg 1 0 0 38 46
p/objeto_c_644.jpg 1 0 0 38 46
p/objeto_c_643.jpg 1 0 0 38 46
p/objeto_c_642.jpg 1 0 0 38 46
p/objeto_c_641.jpg 1 0 0 38 46
p/objeto_c_640.jpg 1 0 0 38 46
p/objeto_c_639.jpg 1 0 0 38 46
p/objeto_c_638.jpg 1 0 0 38 46
p/objeto_c_637.jpg 1 0 0 38 46
p/objeto_c_636.jpg 1 0 0 38 46
p/objeto_c_635.jpg 1 0 0 38 46
p/objeto_c_634.jpg 1 0 0 38 46
p/objeto_c_633.jpg 1 0 0 38 46
p/objeto_c_632.jpg 1 0 0 38 46
p/objeto_c_631.jpg 1 0 0 38 46
p/objeto_c_630.jpg 1 0 0 38 46
p/objeto_c_629.jpg 1 0 0 38 46
p/objeto_c_628.jpg 1 0 0 38 46
p/objeto_c_627.jpg 1 0 0 38 46
p/objeto_c_626.jpg 1 0 0 38 46
p/objeto_c_625.jpg 1 0 0 38 46
p/objeto_c_624.jpg 1 0 0 38 46
p/objeto_c_623.jpg 1 0 0 38 46
p/objeto_c_622.jpg 1 0 0 38 46
p/objeto_c_621.jpg 1 0 0 38 46
p/objeto_c_620.jpg 1 0 0 38 46
p/objeto_c_619.jpg 1 0 0 38 46
p/objeto_c_618.jpg 1 0 0 38 46
p/objeto_c_617.jpg 1 0 0 38 46
p/objeto_c_616.jpg 1 0 0 38 46
p/objeto_c_615.jpg 1 0 0 38 46
p/objeto_c_614.jpg 1 0 0 38 46
p/objeto_c_613.jpg 1 0 0 38 46
p/objeto_c_612.jpg 1 0 0 38 46
p/objeto_c_611.jpg 1 0 0 38 46
p/objeto_c_610.jpg 1 0 0 38 46
p/objeto_c_609.jpg 1 0 0 38 46
p/objeto_c_608.jpg 1 0 0 38 46
p/objeto_c_607.jpg 1 0 0 38 46
p/objeto_c_606.jpg 1 0 0 38 46
p/objeto_c_605.jpg 1 0 0 38 46
p/objeto_c_604.jpg 1 0 0 38 46
p/objeto_c_603.jpg 1 0 0 38 46
p/objeto_c_602.jpg 1 0 0 38 46
p/objeto_c_601.jpg 1 0 0 38 46
p/objeto_c_600.jpg 1 0 0 38 46
p/objeto_c_599.jpg 1 0 0 38 46
p/objeto_c_598.jpg 1 0 0 38 46
p/objeto_c_597.jpg 1 0 0 38 46
p/objeto_c_596.jpg 1 0 0 38 46
p/objeto_c_595.jpg 1 0 0 38 46
p/objeto_c_594.jpg 1 0 0 38 46
p/objeto_c_593.jpg 1 0 0 38 46
p/objeto_c_592.jpg 1 0 0 38 46
p/objeto_c_591.jpg 1 0 0 38 46
p/objeto_c_590.jpg 1 0 0 38 46
p/objeto_c_589.jpg 1 0 0 38 46
p/objeto_c_588.jpg 1 0 0 38 46
p/objeto_c_587.jpg 1 0 0 38 46
p/objeto_c_586.jpg 1 0 0 38 46
p/objeto_c_585.jpg 1 0 0 38 46
p/objeto_c_584.jpg 1 0 0 38 46
p/objeto_c_583.jpg 1 0 0 38 46
p/objeto_c_582.jpg 1 0 0 38 46
p/objeto_c_581.jpg 1 0 0 38 46
p/objeto_c_580.jpg 1 0 0 38 46
p/objeto_c_579.jpg 1 0 0 38 46
p/objeto_c_578.jpg 1 0 0 38 46
p/objeto_c_577.jpg 1 0 0 38 46
p/objeto_c_576.jpg 1 0 0 38 46
p/objeto_c_575.jpg 1 0 0 38 46
p/objeto_c_574.jpg 1 0 0 38 46
p/objeto_c_573.jpg 1 0 0 38 46
p/objeto_c_572.jpg 1 0 0 38 46
p/objeto_c_571.jpg 1 0 0 38 46
p/objeto_c_570.jpg 1 0 0 38 46
p/objeto_c_569.jpg 1 0 0 38 46
p/objeto_c_568.jpg 1 0 0 38 46
p/objeto_c_567.jpg 1 0 0 38 46
p/objeto_c_566.jpg 1 0 0 38 46
p/objeto_c_565.jpg 1 0 0 38 46
p/objeto_c_564.jpg 1 0 0 38 46
p/objeto_c_563.jpg 1 0 0 38 46
p/objeto_c_562.jpg 1 0 0 38 46
p/objeto_c_561.jpg 1 0 0 38 46
p/objeto_c_560.jpg 1 0 0 38 46
p/objeto_c_559.jpg 1 0 0 38 46
p/objeto_c_558.jpg 1 0 0 38 46
p/objeto_c_557.jpg 1 0 0 38 46
p/objeto_c_556.jpg 1 0 0 38 46
p/objeto_c_555.jpg 1 0 0 38 46
p/objeto_c_554.jpg 1 0 0 38 46
p/objeto_c_553.jpg 1 0 0 38 46
p/objeto_c_552.jpg 1 0 0 38 46
p/objeto_c_551.jpg 1 0 0 38 46
p/objeto_c_550.jpg 1 0 0 38 46
p/objeto_c_549.jpg 1 0 0 38 46
p/objeto_c_548.jpg 1 0 0 38 46
p/objeto_c_547.jpg 1 0 0 38 46
p/objeto_c_546.jpg 1 0 0 38 46
p/objeto_c_545.jpg 1 0 0 38 46
p/objeto_c_544.jpg 1 0 0 38 46
p/objeto_c_543.jpg 1 0 0 38 46
p/objeto_c_542.jpg 1 0 0 38 46
p/objeto_c_541.jpg 1 0 0 38 46
p/objeto_c_540.jpg 1 0 0 38 46
p/objeto_c_539.jpg 1 0 0 38 46
p/objeto_c_538.jpg 1 0 0 38 46
p/objeto_c_537.jpg 1 0 0 38 46
p/objeto_c_536.jpg 1 0 0 38 46
p/objeto_c_535.jpg 1 0 0 38 46
p/objeto_c_534.jpg 1 0 0 38 46
p/objeto_c_533.jpg 1 0 0 38 46
p/objeto_c_532.jpg 1 0 0 38 46
p/objeto_c_531.jpg 1 0 0 38 46
p/objeto_c_530.jpg 1 0 0 38 46
p/objeto_c_529.jpg 1 0 0 38 46
p/objeto_c_528.jpg 1 0 0 38 46
p/objeto_c_527.jpg 1 0 0 38 46
p/objeto_c_526.jpg 1 0 0 38 46
p/objeto_c_525.jpg 1 0 0 38 46
p/objeto_c_524.jpg 1 0 0 38 46
p/objeto_c_523.jpg 1 0 0 38 46
p/objeto_c_522.jpg 1 0 0 38 46
p/objeto_c_521.jpg 1 0 0 38 46
p/objeto_c_520.jpg 1 0 0 38 46
p/objeto_c_519.jpg 1 0 0 38 46
p/objeto_c_518.jpg 1 0 0 38 46
p/objeto_c_517.jpg 1 0 0 38 46
p/objeto_c_516.jpg 1 0 0 38 46
p/objeto_c_515.jpg 1 0 0 38 46
p/objeto_c_514.jpg 1 0 0 38 46
p/objeto_c_513.jpg 1 0 0 38 46
p/objeto_c_512.jpg 1 0 0 38 46
p/objeto_c_511.jpg 1 0 0 38 46
p/objeto_c_510.jpg 1 0 0 38 46
p/objeto_c_509.jpg 1 0 0 38 46
p/objeto_c_508.jpg 1 0 0 38 46
p/objeto_c_507.jpg 1 0 0 38 46
p/objeto_c_506.jpg 1 0 0 38 46
p/objeto_c_505.jpg 1 0 0 38 46
p/objeto_c_504.jpg 1 0 0 38 46
p/objeto_c_503.jpg 1 0 0 38 46
p/objeto_c_502.jpg 1 0 0 38 46
p/objeto_c_501.jpg 1 0 0 38 46
p/objeto_c_500.jpg 1 0 0 38 46
p/objeto_c_499.jpg 1 0 0 38 46
p/objeto_c_498.jpg 1 0 0 38 46
p/objeto_c_497.jpg 1 0 0 38 46
p/objeto_c_496.jpg 1 0 0 38 46
p/objeto_c_495.jpg 1 0 0 38 46
p/objeto_c_494.jpg 1 0 0 38 46
p/objeto_c_493.jpg 1 0 0 38 46
p/objeto_c_492.jpg 1 0 0 38 46
p/objeto_c_491.jpg 1 0 0 38 46
p/objeto_c_490.jpg 1 0 0 38 46
p/objeto_c_489.jpg 1 0 0 38 46
p/objeto_c_488.jpg 1 0 0 38 46
p/objeto_c_487.jpg 1 0 0 38 46
p/objeto_c_486.jpg 1 0 0 38 46
p/objeto_c_485.jpg 1 0 0 38 46
p/objeto_c_484.jpg 1 0 0 38 46
p/objeto_c_483.jpg 1 0 0 38 46
p/objeto_c_482.jpg 1 0 0 38 46
p/objeto_c_481.jpg 1 0 0 38 46
p/objeto_c_480.jpg 1 0 0 38 46
p/objeto_c_479.jpg 1 0 0 38 46
p/objeto_c_478.jpg 1 0 0 38 46
p/objeto_c_477.jpg 1 0 0 38 46
p/objeto_c_476.jpg 1 0 0 38 46
p/objeto_c_475.jpg 1 0 0 38 46
p/objeto_c_474.jpg 1 0 0 38 46
p/objeto_c_473.jpg 1 0 0 38 46
p/objeto_c_472.jpg 1 0 0 38 46
p/objeto_c_471.jpg 1 0 0 38 46
p/objeto_c_470.jpg 1 0 0 38 46
p/objeto_c_469.jpg 1 0 0 38 46
p/objeto_c_468.jpg 1 0 0 38 46
p/objeto_c_467.jpg 1 0 0 38 46
p/objeto_c_466.jpg 1 0 0 38 46
p/objeto_c_465.jpg 1 0 0 38 46
p/objeto_c_464.jpg 1 0 0 38 46
p/objeto_c_463.jpg 1 0 0 38 46
p/objeto_c_462.jpg 1 0 0 38 46
p/objeto_c_461.jpg 1 0 0 38 46
p/objeto_c_460.jpg 1 0 0 38 46
p/objeto_c_459.jpg 1 0 0 38 46
p/objeto_c_458.jpg 1 0 0 38 46
p/objeto_c_457.jpg 1 0 0 38 46
p/objeto_c_456.jpg 1 0 0 38 46
p/objeto_c_455.jpg 1 0 0 38 46
p/objeto_c_454.jpg 1 0 0 38 46
p/objeto_c_453.jpg 1 0 0 38 46
p/objeto_c_452.jpg 1 0 0 38 46
p/objeto_c_451.jpg 1 0 0 38 46
p/objeto_c_450.jpg 1 0 0 38 46
p/objeto_c_449.jpg 1 0 0 38 46
p/objeto_c_448.jpg 1 0 0 38 46
p/objeto_c_447.jpg 1 0 0 38 46
p/objeto_c_446.jpg 1 0 0 38 46
p/objeto_c_445.jpg 1 0 0 38 46
p/objeto_c_444.jpg 1 0 0 38 46
p/objeto_c_443.jpg 1 0 0 38 46
p/objeto_c_442.jpg 1 0 0 38 46
p/objeto_c_441.jpg 1 0 0 38 46
p/objeto_c_440.jpg 1 0 0 38 46
p/objeto_c_439.jpg 1 0 0 38 46
p/objeto_c_438.jpg 1 0 0 38 46
p/objeto_c_437.jpg 1 0 0 38 46
p/objeto_c_436.jpg 1 0 0 38 46
p/objeto_c_435.jpg 1 0 0 38 46
p/objeto_c_434.jpg 1 0 0 38 46
p/objeto_c_433.jpg 1 0 0 38 46
p/objeto_c_432.jpg 1 0 0 38 46
p/objeto_c_431.jpg 1 0 0 38 46
p/objeto_c_430.jpg 1 0 0 38 46
p/objeto_c_429.jpg 1 0 0 38 46
p/objeto_c_428.jpg 1 0 0 38 46
p/objeto_c_427.jpg 1 0 0 38 46
p/objeto_c_426.jpg 1 0 0 38 46
p/objeto_c_425.jpg 1 0 0 38 46
p/objeto_c_424.jpg 1 0 0 38 46
p/objeto_c_423.jpg 1 0 0 38 46
p/objeto_c_422.jpg 1 0 0 38 46
p/objeto_c_421.jpg 1 0 0 38 46
p/objeto_c_420.jpg 1 0 0 38 46
p/objeto_c_419.jpg 1 0 0 38 46
p/objeto_c_418.jpg 1 0 0 38 46
p/objeto_c_417.jpg 1 0 0 38 46
p/objeto_c_416.jpg 1 0 0 38 46
p/objeto_c_415.jpg 1 0 0 38 46
p/objeto_c_414.jpg 1 0 0 38 46
p/objeto_c_413.jpg 1 0 0 38 46
p/objeto_c_412.jpg 1 0 0 38 46
p/objeto_c_411.jpg 1 0 0 38 46
p/objeto_c_410.jpg 1 0 0 38 46
p/objeto_c_409.jpg 1 0 0 38 46
p/objeto_c_408.jpg 1 0 0 38 46
p/objeto_c_407.jpg 1 0 0 38 46
p/objeto_c_406.jpg 1 0 0 38 46
p/objeto_c_405.jpg 1 0 0 38 46
p/objeto_c_404.jpg 1 0 0 38 46
p/objeto_c_403.jpg 1 0 0 38 46
p/objeto_c_402.jpg 1 0 0 38 46
p/objeto_c_401.jpg 1 0 0 38 46
p/objeto_c_400.jpg 1 0 0 38 46
p/objeto_c_399.jpg 1 0 0 38 46
p/objeto_c_398.jpg 1 0 0 38 46
p/objeto_c_397.jpg 1 0 0 38 46
p/objeto_c_396.jpg 1 0 0 38 46
p/objeto_c_395.jpg 1 0 0 38 46
p/objeto_c_394.jpg 1 0 0 38 46
p/objeto_c_393.jpg 1 0 0 38 46
p/objeto_c_392.jpg 1 0 0 38 46
p/objeto_c_391.jpg 1 0 0 38 46
p/objeto_c_390.jpg 1 0 0 38 46
p/objeto_c_389.jpg 1 0 0 38 46
p/objeto_c_388.jpg 1 0 0 38 46
p/objeto_c_387.jpg 1 0 0 38 46
p/objeto_c_386.jpg 1 0 0 38 46
p/objeto_c_385.jpg 1 0 0 38 46
p/objeto_c_384.jpg 1 0 0 38 46
p/objeto_c_383.jpg 1 0 0 38 46
p/objeto_c_382.jpg 1 0 0 38 46
p/objeto_c_381.jpg 1 0 0 38 46
p/objeto_c_380.jpg 1 0 0 38 46
p/objeto_c_379.jpg 1 0 0 38 46
p/objeto_c_378.jpg 1 0 0 38 46
p/objeto_c_377.jpg 1 0 0 38 46
p/objeto_c_376.jpg 1 0 0 38 46
p/objeto_c_375.jpg 1 0 0 38 46
p/objeto_c_374.jpg 1 0 0 38 46
p/objeto_c_373.jpg 1 0 0 38 46
p/objeto_c_372.jpg 1 0 0 38 46
p/objeto_c_371.jpg 1 0 0 38 46
p/objeto_c_370.jpg 1 0 0 38 46
p/objeto_c_369.jpg 1 0 0 38 46
p/objeto_c_368.jpg 1 0 0 38 46
p/objeto_c_367.jpg 1 0 0 38 46
p/objeto_c_366.jpg 1 0 0 38 46
p/objeto_c_365.jpg 1 0 0 38 46
p/objeto_c_364.jpg 1 0 0 38 46
p/objeto_c_363.jpg 1 0 0 38 46
p/objeto_c_362.jpg 1 0 0 38 46
p/objeto_c_361.jpg 1 0 0 38 46
p/objeto_c_360.jpg 1 0 0 38 46
p/objeto_c_359.jpg 1 0 0 38 46
p/objeto_c_358.jpg 1 0 0 38 46
p/objeto_c_357.jpg 1 0 0 38 46
p/objeto_c_356.jpg 1 0 0 38 46
p/objeto_c_355.jpg 1 0 0 38 46
p/objeto_c_354.jpg 1 0 0 38 46
p/objeto_c_353.jpg 1 0 0 38 46
p/objeto_c_352.jpg 1 0 0 38 46
p/objeto_c_351.jpg 1 0 0 38 46
p/objeto_c_350.jpg 1 0 0 38 46
p/objeto_c_349.jpg 1 0 0 38 46
p/objeto_c_348.jpg 1 0 0 38 46
p/objeto_c_347.jpg 1 0 0 38 46
p/objeto_c_346.jpg 1 0 0 38 46
p/objeto_c_345.jpg 1 0 0 38 46
p/objeto_c_344.jpg 1 0 0 38 46
p/objeto_c_343.jpg 1 0 0 38 46
p/objeto_c_342.jpg 1 0 0 38 46
p/objeto_c_341.jpg 1 0 0 38 46
p/objeto_c_340.jpg 1 0 0 38 46
p/objeto_c_339.jpg 1 0 0 38 46
p/objeto_c_338.jpg 1 0 0 38 46
p/objeto_c_337.jpg 1 0 0 38 46
p/objeto_c_336.jpg 1 0 0 38 46
p/objeto_c_335.jpg 1 0 0 38 46
p/objeto_c_334.jpg 1 0 0 38 46
p/objeto_c_333.jpg 1 0 0 38 46
p/objeto_c_332.jpg 1 0 0 38 46
p/objeto_c_331.jpg 1 0 0 38 46
p/objeto_c_330.jpg 1 0 0 38 46
p/objeto_c_329.jpg 1 0 0 38 46
p/objeto_c_328.jpg 1 0 0 38 46
p/objeto_c_327.jpg 1 0 0 38 46
p/objeto_c_326.jpg 1 0 0 38 46
p/objeto_c_325.jpg 1 0 0 38 46
p/objeto_c_324.jpg 1 0 0 38 46
p/objeto_c_323.jpg 1 0 0 38 46
p/objeto_c_322.jpg 1 0 0 38 46
p/objeto_c_321.jpg 1 0 0 38 46
p/objeto_c_320.jpg 1 0 0 38 46
p/objeto_c_319.jpg 1 0 0 38 46
p/objeto_c_318.jpg 1 0 0 38 46
p/objeto_c_317.jpg 1 0 0 38 46
p/objeto_c_316.jpg 1 0 0 38 46
p/objeto_c_315.jpg 1 0 0 38 46
p/objeto_c_314.jpg 1 0 0 38 46
p/objeto_c_313.jpg 1 0 0 38 46
p/objeto_c_312.jpg 1 0 0 38 46
p/objeto_c_311.jpg 1 0 0 38 46
p/objeto_c_310.jpg 1 0 0 38 46
p/objeto_c_309.jpg 1 0 0 38 46
p/objeto_c_308.jpg 1 0 0 38 46
p/objeto_c_307.jpg 1 0 0 38 46
p/objeto_c_306.jpg 1 0 0 38 46
p/objeto_c_305.jpg 1 0 0 38 46
p/objeto_c_304.jpg 1 0 0 38 46
p/objeto_c_303.jpg 1 0 0 38 46
p/objeto_c_302.jpg 1 0 0 38 46
p/objeto_c_301.jpg 1 0 0 38 46
p/objeto_c_300.jpg 1 0 0 38 46
p/objeto_c_299.jpg 1 0 0 38 46
p/objeto_c_298.jpg 1 0 0 38 46
p/objeto_c_297.jpg 1 0 0 38 46
p/objeto_c_296.jpg 1 0 0 38 46
p/objeto_c_295.jpg 1 0 0 38 46
p/objeto_c_294.jpg 1 0 0 38 46
p/objeto_c_293.jpg 1 0 0 38 46
p/objeto_c_292.jpg 1 0 0 38 46
p/objeto_c_291.jpg 1 0 0 38 46
p/objeto_c_290.jpg 1 0 0 38 46
p/objeto_c_289.jpg 1 0 0 38 46
p/objeto_c_288.jpg 1 0 0 38 46
p/objeto_c_287.jpg 1 0 0 38 46
p/objeto_c_286.jpg 1 0 0 38 46
p/objeto_c_285.jpg 1 0 0 38 46
p/objeto_c_284.jpg 1 0 0 38 46
p/objeto_c_283.jpg 1 0 0 38 46
p/objeto_c_282.jpg 1 0 0 38 46
p/objeto_c_281.jpg 1 0 0 38 46
p/objeto_c_280.jpg 1 0 0 38 46
p/objeto_c_279.jpg 1 0 0 38 46
p/objeto_c_278.jpg 1 0 0 38 46
p/objeto_c_277.jpg 1 0 0 38 46
p/objeto_c_276.jpg 1 0 0 38 46
p/objeto_c_275.jpg 1 0 0 38 46
p/objeto_c_274.jpg 1 0 0 38 46
p/objeto_c_273.jpg 1 0 0 38 46
p/objeto_c_272.jpg 1 0 0 38 46
p/objeto_c_271.jpg 1 0 0 38 46
p/objeto_c_270.jpg 1 0 0 38 46
p/objeto_c_269.jpg 1 0 0 38 46
p/objeto_c_268.jpg 1 0 0 38 46
p/objeto_c_267.jpg 1 0 0 38 46
p/objeto_c_266.jpg 1 0 0 38 46
p/objeto_c_265.jpg 1 0 0 38 46
p/objeto_c_264.jpg 1 0 0 38 46
p/objeto_c_263.jpg 1 0 0 38 46
p/objeto_c_262.jpg 1 0 0 38 46
p/objeto_c_261.jpg 1 0 0 38 46
p/objeto_c_260.jpg 1 0 0 38 46
p/objeto_c_259.jpg 1 0 0 38 46
p/objeto_c_258.jpg 1 0 0 38 46
p/objeto_c_257.jpg 1 0 0 38 46
p/objeto_c_256.jpg 1 0 0 38 46
p/objeto_c_255.jpg 1 0 0 38 46
p/objeto_c_254.jpg 1 0 0 38 46
p/objeto_c_253.jpg 1 0 0 38 46
p/objeto_c_252.jpg 1 0 0 38 46
p/objeto_c_251.jpg 1 0 0 38 46
p/objeto_c_250.jpg 1 0 0 38 46
p/objeto_c_249.jpg 1 0 0 38 46
p/objeto_c_248.jpg 1 0 0 38 46
p/objeto_c_247.jpg 1 0 0 38 46
p/objeto_c_246.jpg 1 0 0 38 46
p/objeto_c_245.jpg 1 0 0 38 46
p/objeto_c_244.jpg 1 0 0 38 46
p/objeto_c_243.jpg 1 0 0 38 46
p/objeto_c_242.jpg 1 0 0 38 46
p/objeto_c_241.jpg 1 0 0 38 46
p/objeto_c_240.jpg 1 0 0 38 46
p/objeto_c_239.jpg 1 0 0 38 46
p/objeto_c_238.jpg 1 0 0 38 46
p/objeto_c_237.jpg 1 0 0 38 46
p/objeto_c_236.jpg 1 0 0 38 46
p/objeto_c_235.jpg 1 0 0 38 46
p/objeto_c_234.jpg 1 0 0 38 46
p/objeto_c_233.jpg 1 0 0 38 46
p/objeto_c_232.jpg 1 0 0 38 46
p/objeto_c_231.jpg 1 0 0 38 46
p/objeto_c_230.jpg 1 0 0 38 46
p/objeto_c_229.jpg 1 0 0 38 46
p/objeto_c_228.jpg 1 0 0 38 46
p/objeto_c_227.jpg 1 0 0 38 46
p/objeto_c_226.jpg 1 0 0 38 46
p/objeto_c_225.jpg 1 0 0 38 46
p/objeto_c_224.jpg 1 0 0 38 46
p/objeto_c_223.jpg 1 0 0 38 46
p/objeto_c_222.jpg 1 0 0 38 46
p/objeto_c_221.jpg 1 0 0 38 46
p/objeto_c_220.jpg 1 0 0 38 46
p/objeto_c_219.jpg 1 0 0 38 46
p/objeto_c_218.jpg 1 0 0 38 46
p/objeto_c_217.jpg 1 0 0 38 46
p/objeto_c_216.jpg 1 0 0 38 46
p/objeto_c_215.jpg 1 0 0 38 46
p/objeto_c_214.jpg 1 0 0 38 46
p/objeto_c_213.jpg 1 0 0 38 46
p/objeto_c_212.jpg 1 0 0 38 46
p/objeto_c_211.jpg 1 0 0 38 46
p/objeto_c_210.jpg 1 0 0 38 46
p/objeto_c_209.jpg 1 0 0 38 46
p/objeto_c_208.jpg 1 0 0 38 46
p/objeto_c_207.jpg 1 0 0 38 46
p/objeto_c_206.jpg 1 0 0 38 46
p/objeto_c_205.jpg 1 0 0 38 46
p/objeto_c_204.jpg 1 0 0 38 46
p/objeto_c_203.jpg 1 0 0 38 46
p/objeto_c_202.jpg 1 0 0 38 46
p/objeto_c_201.jpg 1 0 0 38 46
p/objeto_c_200.jpg 1 0 0 38 46
p/objeto_c_199.jpg 1 0 0 38 46
p/objeto_c_198.jpg 1 0 0 38 46
p/objeto_c_197.jpg 1 0 0 38 46
p/objeto_c_196.jpg 1 0 0 38 46
p/objeto_c_195.jpg 1 0 0 38 46
p/objeto_c_194.jpg 1 0 0 38 46
p/objeto_c_193.jpg 1 0 0 38 46
p/objeto_c_192.jpg 1 0 0 38 46
p/objeto_c_191.jpg 1 0 0 38 46
p/objeto_c_190.jpg 1 0 0 38 46
p/objeto_c_189.jpg 1 0 0 38 46
p/objeto_c_188.jpg 1 0 0 38 46
p/objeto_c_187.jpg 1 0 0 38 46
p/objeto_c_186.jpg 1 0 0 38 46
p/objeto_c_185.jpg 1 0 0 38 46
p/objeto_c_184.jpg 1 0 0 38 46
p/objeto_c_183.jpg 1 0 0 38 46
p/objeto_c_182.jpg 1 0 0 38 46
p/objeto_c_181.jpg 1 0 0 38 46
p/objeto_c_180.jpg 1 0 0 38 46
p/objeto_c_179.jpg 1 0 0 38 46
p/objeto_c_178.jpg 1 0 0 38 46
p/objeto_c_177.jpg 1 0 0 38 46
p/objeto_c_176.jpg 1 0 0 38 46
p/objeto_c_175.jpg 1 0 0 38 46
p/objeto_c_174.jpg 1 0 0 38 46
p/objeto_c_173.jpg 1 0 0 38 46
p/objeto_c_172.jpg 1 0 0 38 46
p/objeto_c_171.jpg 1 0 0 38 46
p/objeto_c_170.jpg 1 0 0 38 46
p/objeto_c_169.jpg 1 0 0 38 46
p/objeto_c_168.jpg 1 0 0 38 46
p/objeto_c_167.jpg 1 0 0 38 46
p/objeto_c_166.jpg 1 0 0 38 46
p/objeto_c_165.jpg 1 0 0 38 46
p/objeto_c_164.jpg 1 0 0 38 46
p/objeto_c_163.jpg 1 0 0 38 46
p/objeto_c_162.jpg 1 0 0 38 46
p/objeto_c_161.jpg 1 0 0 38 46
p/objeto_c_160.jpg 1 0 0 38 46
p/objeto_c_159.jpg 1 0 0 38 46
p/objeto_c_158.jpg 1 0 0 38 46
p/objeto_c_157.jpg 1 0 0 38 46
p/objeto_c_156.jpg 1 0 0 38 46
p/objeto_c_155.jpg 1 0 0 38 46
p/objeto_c_154.jpg 1 0 0 38 46
p/objeto_c_153.jpg 1 0 0 38 46
p/objeto_c_152.jpg 1 0 0 38 46
p/objeto_c_151.jpg 1 0 0 38 46
p/objeto_c_150.jpg 1 0 0 38 46
p/objeto_c_149.jpg 1 0 0 38 46
p/objeto_c_148.jpg 1 0 0 38 46
p/objeto_c_147.jpg 1 0 0 38 46
p/objeto_c_146.jpg 1 0 0 38 46
p/objeto_c_145.jpg 1 0 0 38 46
p/objeto_c_144.jpg 1 0 0 38 46
p/objeto_c_143.jpg 1 0 0 38 46
p/objeto_c_142.jpg 1 0 0 38 46
p/objeto_c_141.jpg 1 0 0 38 46
p/objeto_c_140.jpg 1 0 0 38 46
p/objeto_c_139.jpg 1 0 0 38 46
p/objeto_c_138.jpg 1 0 0 38 46
p/objeto_c_137.jpg 1 0 0 38 46
p/objeto_c_136.jpg 1 0 0 38 46
p/objeto_c_135.jpg 1 0 0 38 46
p/objeto_c_134.jpg 1 0 0 38 46
p/objeto_c_133.jpg 1 0 0 38 46
p/objeto_c_132.jpg 1 0 0 38 46
p/objeto_c_131.jpg 1 0 0 38 46
p/objeto_c_130.jpg 1 0 0 38 46
p/objeto_c_129.jpg 1 0 0 38 46
p/objeto_c_128.jpg 1 0 0 38 46
p/objeto_c_127.jpg 1 0 0 38 46
p/objeto_c_126.jpg 1 0 0 38 46
p/objeto_c_125.jpg 1 0 0 38 46
p/objeto_c_124.jpg 1 0 0 38 46
p/objeto_c_123.jpg 1 0 0 38 46
p/objeto_c_122.jpg 1 0 0 38 46
p/objeto_c_121.jpg 1 0 0 38 46
p/objeto_c_120.jpg 1 0 0 38 46
p/objeto_c_119.jpg 1 0 0 38 46
p/objeto_c_118.jpg 1 0 0 38 46
p/objeto_c_117.jpg 1 0 0 38 46
p/objeto_c_116.jpg 1 0 0 38 46
p/objeto_c_115.jpg 1 0 0 38 46
p/objeto_c_114.jpg 1 0 0 38 46
p/objeto_c_113.jpg 1 0 0 38 46
p/objeto_c_112.jpg 1 0 0 38 46
p/objeto_c_111.jpg 1 0 0 38 46
p/objeto_c_110.jpg 1 0 0 38 46
p/objeto_c_109.jpg 1 0 0 38 46
p/objeto_c_108.jpg 1 0 0 38 46
p/objeto_c_107.jpg 1 0 0 38 46
p/objeto_c_106.jpg 1 0 0 38 46
p/objeto_c_105.jpg 1 0 0 38 46
p/objeto_c_104.jpg 1 0 0 38 46
p/objeto_c_103.jpg 1 0 0 38 46
p/objeto_c_102.jpg 1 0 0 38 46
p/objeto_c_101.jpg 1 0 0 38 46
p/objeto_c_100.jpg 1 0 0 38 46
p/objeto_c_99.jpg 1 0 0 38 46
p/objeto_c_98.jpg 1 0 0 38 46
p/objeto_c_97.jpg 1 0 0 38 46
p/objeto_c_96.jpg 1 0 0 38 46
p/objeto_c_95.jpg 1 0 0 38 46
p/objeto_c_94.jpg 1 0 0 38 46
p/objeto_c_93.jpg 1 0 0 38 46
p/objeto_c_92.jpg 1 0 0 38 46
p/objeto_c_91.jpg 1 0 0 38 46
p/objeto_c_90.jpg 1 0 0 38 46
p/objeto_c_89.jpg 1 0 0 38 46
p/objeto_c_88.jpg 1 0 0 38 46
p/objeto_c_87.jpg 1 0 0 38 46
p/objeto_c_86.jpg 1 0 0 38 46
p/objeto_c_85.jpg 1 0 0 38 46
p/objeto_c_84.jpg 1 0 0 38 46
p/objeto_c_83.jpg 1 0 0 38 46
p/objeto_c_82.jpg 1 0 0 38 46
p/objeto_c_81.jpg 1 0 0 38 46
p/objeto_c_80.jpg 1 0 0 38 46
p/objeto_c_79.jpg 1 0 0 38 46
p/objeto_c_78.jpg 1 0 0 38 46
p/objeto_c_77.jpg 1 0 0 38 46
p/objeto_c_76.jpg 1 0 0 38 46
p/objeto_c_75.jpg 1 0 0 38 46
p/objeto_c_74.jpg 1 0 0 38 46
p/objeto_c_73.jpg 1 0 0 38 46
p/objeto_c_72.jpg 1 0 0 38 46
p/objeto_c_71.jpg 1 0 0 38 46
p/objeto_c_70.jpg 1 0 0 38 46
p/objeto_c_69.jpg 1 0 0 38 46
p/objeto_c_68.jpg 1 0 0 38 46
p/objeto_c_67.jpg 1 0 0 38 46
p/objeto_c_66.jpg 1 0 0 38 46
p/objeto_c_65.jpg 1 0 0 38 46
p/objeto_c_64.jpg 1 0 0 38 46
p/objeto_c_63.jpg 1 0 0 38 46
p/objeto_c_62.jpg 1 0 0 38 46
p/objeto_c_61.jpg 1 0 0 38 46
p/objeto_c_60.jpg 1 0 0 38 46
p/objeto_c_59.jpg 1 0 0 38 46
p/objeto_c_58.jpg 1 0 0 38 46
p/objeto_c_57.jpg 1 0 0 38 46
p/objeto_c_56.jpg 1 0 0 38 46
p/objeto_c_55.jpg 1 0 0 38 46
p/objeto_c_54.jpg 1 0 0 38 46
p/objeto_c_53.jpg 1 0 0 38 46
p/objeto_c_52.jpg 1 0 0 38 46
p/objeto_c_51.jpg 1 0 0 38 46
p/objeto_c_50.jpg 1 0 0 38 46
p/objeto_c_49.jpg 1 0 0 38 46
p/objeto_c_48.jpg 1 0 0 38 46
p/objeto_c_47.jpg 1 0 0 38 46
p/objeto_c_46.jpg 1 0 0 38 46
p/objeto_c_45.jpg 1 0 0 38 46
p/objeto_c_44.jpg 1 0 0 38 46
p/objeto_c_43.jpg 1 0 0 38 46
p/objeto_c_42.jpg 1 0 0 38 46
p/objeto_c_41.jpg 1 0 0 38 46
p/objeto_c_40.jpg 1 0 0 38 46
p/objeto_c_39.jpg 1 0 0 38 46
p/objeto_c_38.jpg 1 0 0 38 46
p/objeto_c_37.jpg 1 0 0 38 46
p/objeto_c_36.jpg 1 0 0 38 46
p/objeto_c_35.jpg 1 0 0 38 46
p/objeto_c_34.jpg 1 0 0 38 46
p/objeto_c_33.jpg 1 0 0 38 46
p/objeto_c_32.jpg 1 0 0 38 46
p/objeto_c_31.jpg 1 0 0 38 46
p/objeto_c_30.jpg 1 0 0 38 46
p/objeto_c_29.jpg 1 0 0 38 46
p/objeto_c_28.jpg 1 0 0 38 46
p/objeto_c_27.jpg 1 0 0 38 46
p/objeto_c_26.jpg 1 0 0 38 46
p/objeto_c_25.jpg 1 0 0 38 46
p/objeto_c_24.jpg 1 0 0 38 46
p/objeto_c_23.jpg 1 0 0 38 46
p/objeto_c_22.jpg 1 0 0 38 46
p/objeto_c_21.jpg 1 0 0 38 46
p/objeto_c_20.jpg 1 0 0 38 46
p/objeto_c_19.jpg 1 0 0 38 46
p/objeto_c_18.jpg 1 0 0 38 46
p/objeto_c_17.jpg 1 0 0 38 46
p/objeto_c_16.jpg 1 0 0 38 46
p/objeto_c_15.jpg 1 0 0 38 46
p/objeto_c_14.jpg 1 0 0 38 46
p/objeto_c_13.jpg 1 0 0 38 46
p/objeto_c_12.jpg 1 0 0 38 46
p/objeto_c_11.jpg 1 0 0 38 46
p/objeto_c_10.jpg 1 0 0 38 46
p/objeto_c_9.jpg 1 0 0 38 46
p/objeto_c_8.jpg 1 0 0 38 46
p/objeto_c_7.jpg 1 0 0 38 46
p/objeto_c_6.jpg 1 0 0 38 46
p/objeto_c_5.jpg 1 0 0 38 46
p/objeto_c_4.jpg 1 0 0 38 46
p/objeto_c_3.jpg 1 0 0 38 46
p/objeto_c_2.jpg 1 0 0 38 46
p/objeto_c_1.jpg 1 0 0 38 46
p/objeto_c_0.jpg 1 0 0 38 46