p/objeto_c_190.jpg 1 0 0 38 46
p/objeto_c_189.jpg 1 0 0 38 46
p/objeto_c_188.jpg 1 0 0 38 46
p/objeto_c_187.jpg 1 0 0 38 46
p/objeto_c_186.jpg 1 0 0 38 46
p/objeto_c_185.jpg 1 0 0 38 46
p/objeto_c_184.jpg 1 0 0 38 46
p/objeto_c_183.jpg 1 0 0 38 46
p/objeto_c_182.jpg 1 0 0 38 46
p/objeto_c_181.jpg 1 0 0 38 46
p/objeto_c_180.jpg 1 0 0 38 46
p/objeto_c_179.jpg 1 0 0 38 46
p/objeto_c_178.jpg 1 0 0 38 46
p/objeto_c_177.jpg 1 0 0 38 46
p/objeto_c_176.jpg 1 0 0 38 46
p/objeto_c_175.jpg 1 0 0 38 46
p/objeto_c_174.jpg 1 0 0 38 46
p/objeto_c_173.jpg 1 0 0 38 46
p/objeto_c_172.jpg 1 0 0 38 46
p/objeto_c_171.jpg 1 0 0 38 46
p/objeto_c_170.jpg 1 0 0 38 46
p/objeto_c_169.jpg 1 0 0 38 46
p/objeto_c_168.jpg 1 0 0 38 46
p/objeto_c_167.jpg 1 0 0 38 46
p/objeto_c_166.jpg 1 0 0 38 46
p/objeto_c_165.jpg 1 0 0 38 46
p/objeto_c_164.jpg 1 0 0 38 46
p/objeto_c_163.jpg 1 0 0 38 46
p/objeto_c_162.jpg 1 0 0 38 46
p/objeto_c_161.jpg 1 0 0 38 46
p/objeto_c_160.jpg 1 0 0 38 46
p/objeto_c_159.jpg 1 0 0 38 46
p/objeto_c_158.jpg 1 0 0 38 46
p/objeto_c_157.jpg 1 0 0 38 46
p/objeto_c_156.jpg 1 0 0 38 46
p/objeto_c_155.jpg 1 0 0 38 46
p/objeto_c_154.jpg 1 0 0 38 46
p/objeto_c_153.jpg 1 0 0 38 46
p/objeto_c_152.jpg 1 0 0 38 46
p/objeto_c_151.jpg 1 0 0 38 46
p/objeto_c_150.jpg 1 0 0 38 46
p/objeto_c_149.jpg 1 0 0 38 46
p/objeto_c_148.jpg 1 0 0 38 46
p/objeto_c_147.jpg 1 0 0 38 46
p/objeto_c_146.jpg 1 0 0 38 46
p/objeto_c_145.jpg 1 0 0 38 46
p/objeto_c_144.jpg 1 0 0 38 46
p/objeto_c_143.jpg 1 0 0 38 46
p/objeto_c_142.jpg 1 0 0 38 46
p/objeto_c_141.jpg 1 0 0 38 46
p/objeto_c_140.jpg 1 0 0 38 46
p/objeto_c_139.jpg 1 0 0 38 46
p/objeto_c_138.jpg 1 0 0 38 46
p/objeto_c_137.jpg 1 0 0 38 46
p/objeto_c_136.jpg 1 0 0 38 46
p/objeto_c_135.jpg 1 0 0 38 46
p/objeto_c_134.jpg 1 0 0 38 46
p/objeto_c_133.jpg 1 0 0 38 46
p/objeto_c_132.jpg 1 0 0 38 46
p/objeto_c_131.jpg 1 0 0 38 46
p/objeto_c_130.jpg 1 0 0 38 46
p/objeto_c_129.jpg 1 0 0 38 46
p/objeto_c_128.jpg 1 0 0 38 46
p/objeto_c_127.jpg 1 0 0 38 46
p/objeto_c_126.jpg 1 0 0 38 46
p/objeto_c_125.jpg 1 0 0 38 46
p/objeto_c_124.jpg 1 0 0 38 46
p/objeto_c_123.jpg 1 0 0 38 46
p/objeto_c_122.jpg 1 0 0 38 46
p/objeto_c_121.jpg 1 0 0 38 46
p/objeto_c_120.jpg 1 0 0 38 46
p/objeto_c_119.jpg 1 0 0 38 46
p/objeto_c_118.jpg 1 0 0 38 46
p/objeto_c_117.jpg 1 0 0 38 46
p/objeto_c_116.jpg 1 0 0 38 46
p/objeto_c_115.jpg 1 0 0 38 46
p/objeto_c_114.jpg 1 0 0 38 46
p/objeto_c_113.jpg 1 0 0 38 46
p/objeto_c_112.jpg 1 0 0 38 46
p/objeto_c_111.jpg 1 0 0 38 46
p/objeto_c_110.jpg 1 0 0 38 46
p/objeto_c_109.jpg 1 0 0 38 46
p/objeto_c_108.jpg 1 0 0 38 46
p/objeto_c_107.jpg 1 0 0 38 46
p/objeto_c_106.jpg 1 0 0 38 46
p/objeto_c_105.jpg 1 0 0 38 46
p/objeto_c_104.jpg 1 0 0 38 46
p/objeto_c_103.jpg 1 0 0 38 46
p/objeto_c_102.jpg 1 0 0 38 46
p/objeto_c_101.jpg 1 0 0 38 46
p/objeto_c_100.jpg 1 0 0 38 46
p/objeto_c_99.jpg 1 0 0 38 46
p/objeto_c_98.jpg 1 0 0 38 46
p/objeto_c_97.jpg 1 0 0 38 46
p/objeto_c_96.jpg 1 0 0 38 46
p/objeto_c_95.jpg 1 0 0 38 46
p/objeto_c_94.jpg 1 0 0 38 46
p/objeto_c_93.jpg 1 0 0 38 46
p/objeto_c_92.jpg 1 0 0 38 46
p/objeto_c_91.jpg 1 0 0 38 46
p/objeto_c_90.jpg 1 0 0 38 46
p/objeto_c_89.jpg 1 0 0 38 46
p/objeto_c_88.jpg 1 0 0 38 46
p/objeto_c_87.jpg 1 0 0 38 46
p/objeto_c_86.jpg 1 0 0 38 46
p/objeto_c_85.jpg 1 0 0 38 46
p/objeto_c_84.jpg 1 0 0 38 46
p/objeto_c_83.jpg 1 0 0 38 46
p/objeto_c_82.jpg 1 0 0 38 46
p/objeto_c_81.jpg 1 0 0 38 46
p/objeto_c_80.jpg 1 0 0 38 46
p/objeto_c_79.jpg 1 0 0 38 46
p/objeto_c_78.jpg 1 0 0 38 46
p/objeto_c_77.jpg 1 0 0 38 46
p/objeto_c_76.jpg 1 0 0 38 46
p/objeto_c_75.jpg 1 0 0 38 46
p/objeto_c_74.jpg 1 0 0 38 46
p/objeto_c_73.jpg 1 0 0 38 46
p/objeto_c_72.jpg 1 0 0 38 46
p/objeto_c_71.jpg 1 0 0 38 46
p/objeto_c_70.jpg 1 0 0 38 46
p/objeto_c_69.jpg 1 0 0 38 46
p/objeto_c_68.jpg 1 0 0 38 46
p/objeto_c_67.jpg 1 0 0 38 46
p/objeto_c_66.jpg 1 0 0 38 46
p/objeto_c_65.jpg 1 0 0 38 46
p/objeto_c_64.jpg 1 0 0 38 46
p/objeto_c_63.jpg 1 0 0 38 46
p/objeto_c_62.jpg 1 0 0 38 46
p/objeto_c_61.jpg 1 0 0 38 46
p/objeto_c_60.jpg 1 0 0 38 46
p/objeto_c_59.jpg 1 0 0 38 46
p/objeto_c_58.jpg 1 0 0 38 46
p/objeto_c_57.jpg 1 0 0 38 46
p/objeto_c_56.jpg 1 0 0 38 46
p/objeto_c_55.jpg 1 0 0 38 46
p/objeto_c_54.jpg 1 0 0 38 46
p/objeto_c_53.jpg 1 0 0 38 46
p/objeto_c_52.jpg 1 0 0 38 46
p/objeto_c_51.jpg 1 0 0 38 46
p/objeto_c_50.jpg 1 0 0 38 46
p/objeto_c_49.jpg 1 0 0 38 46
p/objeto_c_48.jpg 1 0 0 38 46
p/objeto_c_47.jpg 1 0 0 38 46
p/objeto_c_46.jpg 1 0 0 38 46
p/objeto_c_45.jpg 1 0 0 38 46
p/objeto_c_44.jpg 1 0 0 38 46
p/objeto_c_43.jpg 1 0 0 38 46
p/objeto_c_42.jpg 1 0 0 38 46
p/objeto_c_41.jpg 1 0 0 38 46
p/objeto_c_40.jpg 1 0 0 38 46
p/objeto_c_39.jpg 1 0 0 38 46
p/objeto_c_38.jpg 1 0 0 38 46
p/objeto_c_37.jpg 1 0 0 38 46
p/objeto_c_36.jpg 1 0 0 38 46
p/objeto_c_35.jpg 1 0 0 38 46
p/objeto_c_34.jpg 1 0 0 38 46
p/objeto_c_33.jpg 1 0 0 38 46
p/objeto_c_32.jpg 1 0 0 38 46
p/objeto_c_31.jpg 1 0 0 38 46
p/objeto_c_30.jpg 1 0 0 38 46
p/objeto_c_29.jpg 1 0 0 38 46
p/objeto_c_28.jpg 1 0 0 38 46
p/objeto_c_27.jpg 1 0 0 38 46
p/objeto_c_26.jpg 1 0 0 38 46
p/objeto_c_25.jpg 1 0 0 38 46
p/objeto_c_24.jpg 1 0 0 38 46
p/objeto_c_23.jpg 1 0 0 38 46
p/objeto_c_22.jpg 1 0 0 38 46
p/objeto_c_21.jpg 1 0 0 38 46
p/objeto_c_20.jpg 1 0 0 38 46
p/objeto_c_19.jpg 1 0 0 38 46
p/objeto_c_18.jpg 1 0 0 38 46
p/objeto_c_17.jpg 1 0 0 38 46
p/objeto_c_16.jpg 1 0 0 38 46
p/objeto_c_15.jpg 1 0 0 38 46
p/objeto_c_14.jpg 1 0 0 38 46
p/objeto_c_13.jpg 1 0 0 38 46
p/objeto_c_12.jpg 1 0 0 38 46
p/objeto_c_11.jpg 1 0 0 38 46
p/objeto_c_10.jpg 1 0 0 38 46
p/objeto_c_9.jpg 1 0 0 38 46
p/objeto_c_8.jpg 1 0 0 38 46
p/objeto_c_7.jpg 1 0 0 38 46
p/objeto_c_6.jpg 1 0 0 38 46
p/objeto_c_5.jpg 1 0 0 38 46
p/objeto_c_4.jpg 1 0 0 38 46
p/objeto_c_3.jpg 1 0 0 38 46
p/objeto_c_2.jpg 1 0 0 38 46
p/objeto_c_1.jpg 1 0 0 38 46
p/objeto_c_0.jpg 1 0 0 38 46
p/objeto_b_551.jpg 1 0 0 38 46
p/objeto_b_550.jpg 1 0 0 38 46
p/objeto_b_549.jpg 1 0 0 38 46
p/objeto_b_548.jpg 1 0 0 38 46
p/objeto_b_547.jpg 1 0 0 38 46
p/objeto_b_546.jpg 1 0 0 38 46
p/objeto_b_545.jpg 1 0 0 38 46
p/objeto_b_544.jpg 1 0 0 38 46
p/objeto_b_543.jpg 1 0 0 38 46
p/objeto_b_542.jpg 1 0 0 38 46
p/objeto_b_541.jpg 1 0 0 38 46
p/objeto_b_540.jpg 1 0 0 38 46
p/objeto_b_539.jpg 1 0 0 38 46
p/objeto_b_538.jpg 1 0 0 38 46
p/objeto_b_537.jpg 1 0 0 38 46
p/objeto_b_536.jpg 1 0 0 38 46
p/objeto_b_535.jpg 1 0 0 38 46
p/objeto_b_534.jpg 1 0 0 38 46
p/objeto_b_533.jpg 1 0 0 38 46
p/objeto_b_532.jpg 1 0 0 38 46
p/objeto_b_531.jpg 1 0 0 38 46
p/objeto_b_530.jpg 1 0 0 38 46
p/objeto_b_529.jpg 1 0 0 38 46
p/objeto_b_528.jpg 1 0 0 38 46
p/objeto_b_527.jpg 1 0 0 38 46
p/objeto_b_526.jpg 1 0 0 38 46
p/objeto_b_525.jpg 1 0 0 38 46
p/objeto_b_524.jpg 1 0 0 38 46
p/objeto_b_523.jpg 1 0 0 38 46
p/objeto_b_522.jpg 1 0 0 38 46
p/objeto_b_521.jpg 1 0 0 38 46
p/objeto_b_520.jpg 1 0 0 38 46
p/objeto_b_519.jpg 1 0 0 38 46
p/objeto_b_518.jpg 1 0 0 38 46
p/objeto_b_517.jpg 1 0 0 38 46
p/objeto_b_516.jpg 1 0 0 38 46
p/objeto_b_515.jpg 1 0 0 38 46
p/objeto_b_514.jpg 1 0 0 38 46
p/objeto_b_513.jpg 1 0 0 38 46
p/objeto_b_512.jpg 1 0 0 38 46
p/objeto_b_511.jpg 1 0 0 38 46
p/objeto_b_510.jpg 1 0 0 38 46
p/objeto_b_509.jpg 1 0 0 38 46
p/objeto_b_508.jpg 1 0 0 38 46
p/objeto_b_507.jpg 1 0 0 38 46
p/objeto_b_506.jpg 1 0 0 38 46
p/objeto_b_505.jpg 1 0 0 38 46
p/objeto_b_504.jpg 1 0 0 38 46
p/objeto_b_503.jpg 1 0 0 38 46
p/objeto_b_502.jpg 1 0 0 38 46
p/objeto_b_501.jpg 1 0 0 38 46
p/objeto_b_500.jpg 1 0 0 38 46
p/objeto_b_499.jpg 1 0 0 38 46
p/objeto_b_498.jpg 1 0 0 38 46
p/objeto_b_497.jpg 1 0 0 38 46
p/objeto_b_496.jpg 1 0 0 38 46
p/objeto_b_495.jpg 1 0 0 38 46
p/objeto_b_494.jpg 1 0 0 38 46
p/objeto_b_493.jpg 1 0 0 38 46
p/objeto_b_492.jpg 1 0 0 38 46
p/objeto_b_491.jpg 1 0 0 38 46
p/objeto_b_490.jpg 1 0 0 38 46
p/objeto_b_489.jpg 1 0 0 38 46
p/objeto_b_488.jpg 1 0 0 38 46
p/objeto_b_487.jpg 1 0 0 38 46
p/objeto_b_486.jpg 1 0 0 38 46
p/objeto_b_485.jpg 1 0 0 38 46
p/objeto_b_484.jpg 1 0 0 38 46
p/objeto_b_483.jpg 1 0 0 38 46
p/objeto_b_482.jpg 1 0 0 38 46
p/objeto_b_481.jpg 1 0 0 38 46
p/objeto_b_480.jpg 1 0 0 38 46
p/objeto_b_479.jpg 1 0 0 38 46
p/objeto_b_478.jpg 1 0 0 38 46
p/objeto_b_477.jpg 1 0 0 38 46
p/objeto_b_476.jpg 1 0 0 38 46
p/objeto_b_475.jpg 1 0 0 38 46
p/objeto_b_474.jpg 1 0 0 38 46
p/objeto_b_473.jpg 1 0 0 38 46
p/objeto_b_472.jpg 1 0 0 38 46
p/objeto_b_471.jpg 1 0 0 38 46
p/objeto_b_470.jpg 1 0 0 38 46
p/objeto_b_469.jpg 1 0 0 38 46
p/objeto_b_468.jpg 1 0 0 38 46
p/objeto_b_467.jpg 1 0 0 38 46
p/objeto_b_466.jpg 1 0 0 38 46
p/objeto_b_465.jpg 1 0 0 38 46
p/objeto_b_464.jpg 1 0 0 38 46
p/objeto_b_463.jpg 1 0 0 38 46
p/objeto_b_462.jpg 1 0 0 38 46
p/objeto_b_461.jpg 1 0 0 38 46
p/objeto_b_460.jpg 1 0 0 38 46
p/objeto_b_459.jpg 1 0 0 38 46
p/objeto_b_458.jpg 1 0 0 38 46
p/objeto_b_457.jpg 1 0 0 38 46
p/objeto_b_456.jpg 1 0 0 38 46
p/objeto_b_455.jpg 1 0 0 38 46
p/objeto_b_454.jpg 1 0 0 38 46
p/objeto_b_453.jpg 1 0 0 38 46
p/objeto_b_452.jpg 1 0 0 38 46
p/objeto_b_451.jpg 1 0 0 38 46
p/objeto_b_450.jpg 1 0 0 38 46
p/objeto_b_449.jpg 1 0 0 38 46
p/objeto_b_448.jpg 1 0 0 38 46
p/objeto_b_447.jpg 1 0 0 38 46
p/objeto_b_446.jpg 1 0 0 38 46
p/objeto_b_445.jpg 1 0 0 38 46
p/objeto_b_444.jpg 1 0 0 38 46
p/objeto_b_443.jpg 1 0 0 38 46
p/objeto_b_442.jpg 1 0 0 38 46
p/objeto_b_441.jpg 1 0 0 38 46
p/objeto_b_440.jpg 1 0 0 38 46
p/objeto_b_439.jpg 1 0 0 38 46
p/objeto_b_438.jpg 1 0 0 38 46
p/objeto_b_437.jpg 1 0 0 38 46
p/objeto_b_436.jpg 1 0 0 38 46
p/objeto_b_435.jpg 1 0 0 38 46
p/objeto_b_434.jpg 1 0 0 38 46
p/objeto_b_433.jpg 1 0 0 38 46
p/objeto_b_432.jpg 1 0 0 38 46
p/objeto_b_431.jpg 1 0 0 38 46
p/objeto_b_430.jpg 1 0 0 38 46
p/objeto_b_429.jpg 1 0 0 38 46
p/objeto_b_428.jpg 1 0 0 38 46
p/objeto_b_427.jpg 1 0 0 38 46
p/objeto_b_426.jpg 1 0 0 38 46
p/objeto_b_425.jpg 1 0 0 38 46
p/objeto_b_424.jpg 1 0 0 38 46
p/objeto_b_423.jpg 1 0 0 38 46
p/objeto_b_422.jpg 1 0 0 38 46
p/objeto_b_421.jpg 1 0 0 38 46
p/objeto_b_420.jpg 1 0 0 38 46
p/objeto_b_419.jpg 1 0 0 38 46
p/objeto_b_418.jpg 1 0 0 38 46
p/objeto_b_417.jpg 1 0 0 38 46
p/objeto_b_416.jpg 1 0 0 38 46
p/objeto_b_415.jpg 1 0 0 38 46
p/objeto_b_414.jpg 1 0 0 38 46
p/objeto_b_413.jpg 1 0 0 38 46
p/objeto_b_412.jpg 1 0 0 38 46
p/objeto_b_411.jpg 1 0 0 38 46
p/objeto_b_410.jpg 1 0 0 38 46
p/objeto_b_409.jpg 1 0 0 38 46
p/objeto_b_408.jpg 1 0 0 38 46
p/objeto_b_407.jpg 1 0 0 38 46
p/objeto_b_406.jpg 1 0 0 38 46
p/objeto_b_405.jpg 1 0 0 38 46
p/objeto_b_404.jpg 1 0 0 38 46
p/objeto_b_403.jpg 1 0 0 38 46
p/objeto_b_402.jpg 1 0 0 38 46
p/objeto_b_401.jpg 1 0 0 38 46
p/objeto_b_400.jpg 1 0 0 38 46
p/objeto_b_399.jpg 1 0 0 38 46
p/objeto_b_398.jpg 1 0 0 38 46
p/objeto_b_397.jpg 1 0 0 38 46
p/objeto_b_396.jpg 1 0 0 38 46
p/objeto_b_395.jpg 1 0 0 38 46
p/objeto_b_394.jpg 1 0 0 38 46
p/objeto_b_393.jpg 1 0 0 38 46
p/objeto_b_392.jpg 1 0 0 38 46
p/objeto_b_391.jpg 1 0 0 38 46
p/objeto_b_390.jpg 1 0 0 38 46
p/objeto_b_389.jpg 1 0 0 38 46
p/objeto_b_388.jpg 1 0 0 38 46
p/objeto_b_387.jpg 1 0 0 38 46
p/objeto_b_386.jpg 1 0 0 38 46
p/objeto_b_385.jpg 1 0 0 38 46
p/objeto_b_384.jpg 1 0 0 38 46
p/objeto_b_383.jpg 1 0 0 38 46
p/objeto_b_382.jpg 1 0 0 38 46
p/objeto_b_381.jpg 1 0 0 38 46
p/objeto_b_380.jpg 1 0 0 38 46
p/objeto_b_379.jpg 1 0 0 38 46
p/objeto_b_378.jpg 1 0 0 38 46
p/objeto_b_377.jpg 1 0 0 38 46
p/objeto_b_376.jpg 1 0 0 38 46
p/objeto_b_375.jpg 1 0 0 38 46
p/objeto_b_374.jpg 1 0 0 38 46
p/objeto_b_373.jpg 1 0 0 38 46
p/objeto_b_372.jpg 1 0 0 38 46
p/objeto_b_371.jpg 1 0 0 38 46
p/objeto_b_370.jpg 1 0 0 38 46
p/objeto_b_369.jpg 1 0 0 38 46
p/objeto_b_368.jpg 1 0 0 38 46
p/objeto_b_367.jpg 1 0 0 38 46
p/objeto_b_366.jpg 1 0 0 38 46
p/objeto_b_365.jpg 1 0 0 38 46
p/objeto_b_364.jpg 1 0 0 38 46
p/objeto_b_363.jpg 1 0 0 38 46
p/objeto_b_362.jpg 1 0 0 38 46
p/objeto_b_361.jpg 1 0 0 38 46
p/objeto_b_360.jpg 1 0 0 38 46
p/objeto_b_359.jpg 1 0 0 38 46
p/objeto_b_358.jpg 1 0 0 38 46
p/objeto_b_357.jpg 1 0 0 38 46
p/objeto_b_356.jpg 1 0 0 38 46
p/objeto_b_355.jpg 1 0 0 38 46
p/objeto_b_354.jpg 1 0 0 38 46
p/objeto_b_353.jpg 1 0 0 38 46
p/objeto_b_352.jpg 1 0 0 38 46
p/objeto_b_351.jpg 1 0 0 38 46
p/objeto_b_350.jpg 1 0 0 38 46
p/objeto_b_349.jpg 1 0 0 38 46
p/objeto_b_348.jpg 1 0 0 38 46
p/objeto_b_347.jpg 1 0 0 38 46
p/objeto_b_346.jpg 1 0 0 38 46
p/objeto_b_345.jpg 1 0 0 38 46
p/objeto_b_344.jpg 1 0 0 38 46
p/objeto_b_343.jpg 1 0 0 38 46
p/objeto_b_342.jpg 1 0 0 38 46
p/objeto_b_341.jpg 1 0 0 38 46
p/objeto_b_340.jpg 1 0 0 38 46
p/objeto_b_339.jpg 1 0 0 38 46
p/objeto_b_338.jpg 1 0 0 38 46
p/objeto_b_337.jpg 1 0 0 38 46
p/objeto_b_336.jpg 1 0 0 38 46
p/objeto_b_335.jpg 1 0 0 38 46
p/objeto_b_334.jpg 1 0 0 38 46
p/objeto_b_333.jpg 1 0 0 38 46
p/objeto_b_332.jpg 1 0 0 38 46
p/objeto_b_331.jpg 1 0 0 38 46
p/objeto_b_330.jpg 1 0 0 38 46
p/objeto_b_329.jpg 1 0 0 38 46
p/objeto_b_328.jpg 1 0 0 38 46
p/objeto_b_327.jpg 1 0 0 38 46
p/objeto_b_326.jpg 1 0 0 38 46
p/objeto_b_325.jpg 1 0 0 38 46
p/objeto_b_324.jpg 1 0 0 38 46
p/objeto_b_323.jpg 1 0 0 38 46
p/objeto_b_322.jpg 1 0 0 38 46
p/objeto_b_321.jpg 1 0 0 38 46
p/objeto_b_320.jpg 1 0 0 38 46
p/objeto_b_319.jpg 1 0 0 38 46
p/objeto_b_318.jpg 1 0 0 38 46
p/objeto_b_317.jpg 1 0 0 38 46
p/objeto_b_316.jpg 1 0 0 38 46
p/objeto_b_315.jpg 1 0 0 38 46
p/objeto_b_314.jpg 1 0 0 38 46
p/objeto_b_313.jpg 1 0 0 38 46
p/objeto_b_312.jpg 1 0 0 38 46
p/objeto_b_311.jpg 1 0 0 38 46
p/objeto_b_310.jpg 1 0 0 38 46
p/objeto_b_309.jpg 1 0 0 38 46
p/objeto_b_308.jpg 1 0 0 38 46
p/objeto_b_307.jpg 1 0 0 38 46
p/objeto_b_306.jpg 1 0 0 38 46
p/objeto_b_305.jpg 1 0 0 38 46
p/objeto_b_304.jpg 1 0 0 38 46
p/objeto_b_303.jpg 1 0 0 38 46
p/objeto_b_302.jpg 1 0 0 38 46
p/objeto_b_301.jpg 1 0 0 38 46
p/objeto_b_300.jpg 1 0 0 38 46
p/objeto_b_299.jpg 1 0 0 38 46
p/objeto_b_298.jpg 1 0 0 38 46
p/objeto_b_297.jpg 1 0 0 38 46
p/objeto_b_296.jpg 1 0 0 38 46
p/objeto_b_295.jpg 1 0 0 38 46
p/objeto_b_294.jpg 1 0 0 38 46
p/objeto_b_293.jpg 1 0 0 38 46
p/objeto_b_292.jpg 1 0 0 38 46
p/objeto_b_291.jpg 1 0 0 38 46
p/objeto_b_290.jpg 1 0 0 38 46
p/objeto_b_289.jpg 1 0 0 38 46
p/objeto_b_288.jpg 1 0 0 38 46
p/objeto_b_287.jpg 1 0 0 38 46
p/objeto_b_286.jpg 1 0 0 38 46
p/objeto_b_285.jpg 1 0 0 38 46
p/objeto_b_284.jpg 1 0 0 38 46
p/objeto_b_283.jpg 1 0 0 38 46
p/objeto_b_282.jpg 1 0 0 38 46
p/objeto_b_281.jpg 1 0 0 38 46
p/objeto_b_280.jpg 1 0 0 38 46
p/objeto_b_279.jpg 1 0 0 38 46
p/objeto_b_278.jpg 1 0 0 38 46
p/objeto_b_277.jpg 1 0 0 38 46
p/objeto_b_276.jpg 1 0 0 38 46
p/objeto_b_275.jpg 1 0 0 38 46
p/objeto_b_274.jpg 1 0 0 38 46
p/objeto_b_273.jpg 1 0 0 38 46
p/objeto_b_272.jpg 1 0 0 38 46
p/objeto_b_271.jpg 1 0 0 38 46
p/objeto_b_270.jpg 1 0 0 38 46
p/objeto_b_269.jpg 1 0 0 38 46
p/objeto_b_268.jpg 1 0 0 38 46
p/objeto_b_267.jpg 1 0 0 38 46
p/objeto_b_266.jpg 1 0 0 38 46
p/objeto_b_265.jpg 1 0 0 38 46
p/objeto_b_264.jpg 1 0 0 38 46
p/objeto_b_263.jpg 1 0 0 38 46
p/objeto_b_262.jpg 1 0 0 38 46
p/objeto_b_261.jpg 1 0 0 38 46
p/objeto_b_260.jpg 1 0 0 38 46
p/objeto_b_259.jpg 1 0 0 38 46
p/objeto_b_258.jpg 1 0 0 38 46
p/objeto_b_257.jpg 1 0 0 38 46
p/objeto_b_256.jpg 1 0 0 38 46
p/objeto_b_255.jpg 1 0 0 38 46
p/objeto_b_254.jpg 1 0 0 38 46
p/objeto_b_253.jpg 1 0 0 38 46
p/objeto_b_252.jpg 1 0 0 38 46
p/objeto_b_251.jpg 1 0 0 38 46
p/objeto_b_250.jpg 1 0 0 38 46
p/objeto_b_249.jpg 1 0 0 38 46
p/objeto_b_248.jpg 1 0 0 38 46
p/objeto_b_247.jpg 1 0 0 38 46
p/objeto_b_246.jpg 1 0 0 38 46
p/objeto_b_245.jpg 1 0 0 38 46
p/objeto_b_244.jpg 1 0 0 38 46
p/objeto_b_243.jpg 1 0 0 38 46
p/objeto_b_242.jpg 1 0 0 38 46
p/objeto_b_241.jpg 1 0 0 38 46
p/objeto_b_240.jpg 1 0 0 38 46
p/objeto_b_239.jpg 1 0 0 38 46
p/objeto_b_238.jpg 1 0 0 38 46
p/objeto_b_237.jpg 1 0 0 38 46
p/objeto_b_236.jpg 1 0 0 38 46
p/objeto_b_235.jpg 1 0 0 38 46
p/objeto_b_234.jpg 1 0 0 38 46
p/objeto_b_233.jpg 1 0 0 38 46
p/objeto_b_232.jpg 1 0 0 38 46
p/objeto_b_231.jpg 1 0 0 38 46
p/objeto_b_230.jpg 1 0 0 38 46
p/objeto_b_229.jpg 1 0 0 38 46
p/objeto_b_228.jpg 1 0 0 38 46
p/objeto_b_227.jpg 1 0 0 38 46
p/objeto_b_226.jpg 1 0 0 38 46
p/objeto_b_225.jpg 1 0 0 38 46
p/objeto_b_224.jpg 1 0 0 38 46
p/objeto_b_223.jpg 1 0 0 38 46
p/objeto_b_222.jpg 1 0 0 38 46
p/objeto_b_221.jpg 1 0 0 38 46
p/objeto_b_220.jpg 1 0 0 38 46
p/objeto_b_219.jpg 1 0 0 38 46
p/objeto_b_218.jpg 1 0 0 38 46
p/objeto_b_217.jpg 1 0 0 38 46
p/objeto_b_216.jpg 1 0 0 38 46
p/objeto_b_215.jpg 1 0 0 38 46
p/objeto_b_214.jpg 1 0 0 38 46
p/objeto_b_213.jpg 1 0 0 38 46
p/objeto_b_212.jpg 1 0 0 38 46
p/objeto_b_211.jpg 1 0 0 38 46
p/objeto_b_210.jpg 1 0 0 38 46
p/objeto_b_209.jpg 1 0 0 38 46
p/objeto_b_208.jpg 1 0 0 38 46
p/objeto_b_207.jpg 1 0 0 38 46
p/objeto_b_206.jpg 1 0 0 38 46
p/objeto_b_205.jpg 1 0 0 38 46
p/objeto_b_204.jpg 1 0 0 38 46
p/objeto_b_203.jpg 1 0 0 38 46
p/objeto_b_202.jpg 1 0 0 38 46
p/objeto_b_201.jpg 1 0 0 38 46
p/objeto_b_200.jpg 1 0 0 38 46
p/objeto_b_199.jpg 1 0 0 38 46
p/objeto_b_198.jpg 1 0 0 38 46
p/objeto_b_197.jpg 1 0 0 38 46
p/objeto_b_196.jpg 1 0 0 38 46
p/objeto_b_195.jpg 1 0 0 38 46
p/objeto_b_194.jpg 1 0 0 38 46
p/objeto_b_193.jpg 1 0 0 38 46
p/objeto_b_192.jpg 1 0 0 38 46
p/objeto_b_191.jpg 1 0 0 38 46
p/objeto_b_190.jpg 1 0 0 38 46
p/objeto_b_189.jpg 1 0 0 38 46
p/objeto_b_188.jpg 1 0 0 38 46
p/objeto_b_187.jpg 1 0 0 38 46
p/objeto_b_186.jpg 1 0 0 38 46
p/objeto_b_185.jpg 1 0 0 38 46
p/objeto_b_184.jpg 1 0 0 38 46
p/objeto_b_183.jpg 1 0 0 38 46
p/objeto_b_182.jpg 1 0 0 38 46
p/objeto_b_181.jpg 1 0 0 38 46
p/objeto_b_180.jpg 1 0 0 38 46
p/objeto_b_179.jpg 1 0 0 38 46
p/objeto_b_178.jpg 1 0 0 38 46
p/objeto_b_177.jpg 1 0 0 38 46
p/objeto_b_176.jpg 1 0 0 38 46
p/objeto_b_175.jpg 1 0 0 38 46
p/objeto_b_174.jpg 1 0 0 38 46
p/objeto_b_173.jpg 1 0 0 38 46
p/objeto_b_172.jpg 1 0 0 38 46
p/objeto_b_171.jpg 1 0 0 38 46
p/objeto_b_170.jpg 1 0 0 38 46
p/objeto_b_169.jpg 1 0 0 38 46
p/objeto_b_168.jpg 1 0 0 38 46
p/objeto_b_167.jpg 1 0 0 38 46
p/objeto_b_166.jpg 1 0 0 38 46
p/objeto_b_165.jpg 1 0 0 38 46
p/objeto_b_164.jpg 1 0 0 38 46
p/objeto_b_163.jpg 1 0 0 38 46
p/objeto_b_162.jpg 1 0 0 38 46
p/objeto_b_161.jpg 1 0 0 38 46
p/objeto_b_160.jpg 1 0 0 38 46
p/objeto_b_159.jpg 1 0 0 38 46
p/objeto_b_158.jpg 1 0 0 38 46
p/objeto_b_157.jpg 1 0 0 38 46
p/objeto_b_156.jpg 1 0 0 38 46
p/objeto_b_155.jpg 1 0 0 38 46
p/objeto_b_154.jpg 1 0 0 38 46
p/objeto_b_153.jpg 1 0 0 38 46
p/objeto_b_152.jpg 1 0 0 38 46
p/objeto_b_151.jpg 1 0 0 38 46
p/objeto_b_150.jpg 1 0 0 38 46
p/objeto_b_149.jpg 1 0 0 38 46
p/objeto_b_148.jpg 1 0 0 38 46
p/objeto_b_147.jpg 1 0 0 38 46
p/objeto_b_146.jpg 1 0 0 38 46
p/objeto_b_145.jpg 1 0 0 38 46
p/objeto_b_144.jpg 1 0 0 38 46
p/objeto_b_143.jpg 1 0 0 38 46
p/objeto_b_142.jpg 1 0 0 38 46
p/objeto_b_141.jpg 1 0 0 38 46
p/objeto_b_140.jpg 1 0 0 38 46
p/objeto_b_139.jpg 1 0 0 38 46
p/objeto_b_138.jpg 1 0 0 38 46
p/objeto_b_137.jpg 1 0 0 38 46
p/objeto_b_136.jpg 1 0 0 38 46
p/objeto_b_135.jpg 1 0 0 38 46
p/objeto_b_134.jpg 1 0 0 38 46
p/objeto_b_133.jpg 1 0 0 38 46
p/objeto_b_132.jpg 1 0 0 38 46
p/objeto_b_131.jpg 1 0 0 38 46
p/objeto_b_130.jpg 1 0 0 38 46
p/objeto_b_129.jpg 1 0 0 38 46
p/objeto_b_128.jpg 1 0 0 38 46
p/objeto_b_127.jpg 1 0 0 38 46
p/objeto_b_126.jpg 1 0 0 38 46
p/objeto_b_125.jpg 1 0 0 38 46
p/objeto_b_124.jpg 1 0 0 38 46
p/objeto_b_123.jpg 1 0 0 38 46
p/objeto_b_122.jpg 1 0 0 38 46
p/objeto_b_121.jpg 1 0 0 38 46
p/objeto_b_120.jpg 1 0 0 38 46
p/objeto_b_119.jpg 1 0 0 38 46
p/objeto_b_118.jpg 1 0 0 38 46
p/objeto_b_117.jpg 1 0 0 38 46
p/objeto_b_116.jpg 1 0 0 38 46
p/objeto_b_115.jpg 1 0 0 38 46
p/objeto_b_114.jpg 1 0 0 38 46
p/objeto_b_113.jpg 1 0 0 38 46
p/objeto_b_112.jpg 1 0 0 38 46
p/objeto_b_111.jpg 1 0 0 38 46
p/objeto_b_110.jpg 1 0 0 38 46
p/objeto_b_109.jpg 1 0 0 38 46
p/objeto_b_108.jpg 1 0 0 38 46
p/objeto_b_107.jpg 1 0 0 38 46
p/objeto_b_106.jpg 1 0 0 38 46
p/objeto_b_105.jpg 1 0 0 38 46
p/objeto_b_104.jpg 1 0 0 38 46
p/objeto_b_103.jpg 1 0 0 38 46
p/objeto_b_102.jpg 1 0 0 38 46
p/objeto_b_101.jpg 1 0 0 38 46
p/objeto_b_100.jpg 1 0 0 38 46
p/objeto_b_99.jpg 1 0 0 38 46
p/objeto_b_98.jpg 1 0 0 38 46
p/objeto_b_97.jpg 1 0 0 38 46
p/objeto_b_96.jpg 1 0 0 38 46
p/objeto_b_95.jpg 1 0 0 38 46
p/objeto_b_94.jpg 1 0 0 38 46
p/objeto_b_93.jpg 1 0 0 38 46
p/objeto_b_92.jpg 1 0 0 38 46
p/objeto_b_91.jpg 1 0 0 38 46
p/objeto_b_90.jpg 1 0 0 38 46
p/objeto_b_89.jpg 1 0 0 38 46
p/objeto_b_88.jpg 1 0 0 38 46
p/objeto_b_87.jpg 1 0 0 38 46
p/objeto_b_86.jpg 1 0 0 38 46
p/objeto_b_85.jpg 1 0 0 38 46
p/objeto_b_84.jpg 1 0 0 38 46
p/objeto_b_83.jpg 1 0 0 38 46
p/objeto_b_82.jpg 1 0 0 38 46
p/objeto_b_81.jpg 1 0 0 38 46
p/objeto_b_80.jpg 1 0 0 38 46
p/objeto_b_79.jpg 1 0 0 38 46
p/objeto_b_78.jpg 1 0 0 38 46
p/objeto_b_77.jpg 1 0 0 38 46
p/objeto_b_76.jpg 1 0 0 38 46
p/objeto_b_75.jpg 1 0 0 38 46
p/objeto_b_74.jpg 1 0 0 38 46
p/objeto_b_73.jpg 1 0 0 38 46
p/objeto_b_72.jpg 1 0 0 38 46
p/objeto_b_71.jpg 1 0 0 38 46
p/objeto_b_70.jpg 1 0 0 38 46
p/objeto_b_69.jpg 1 0 0 38 46
p/objeto_b_68.jpg 1 0 0 38 46
p/objeto_b_67.jpg 1 0 0 38 46
p/objeto_b_66.jpg 1 0 0 38 46
p/objeto_b_65.jpg 1 0 0 38 46
p/objeto_b_64.jpg 1 0 0 38 46
p/objeto_b_63.jpg 1 0 0 38 46
p/objeto_b_62.jpg 1 0 0 38 46
p/objeto_b_61.jpg 1 0 0 38 46
p/objeto_b_60.jpg 1 0 0 38 46
p/objeto_b_59.jpg 1 0 0 38 46
p/objeto_b_58.jpg 1 0 0 38 46
p/objeto_b_57.jpg 1 0 0 38 46
p/objeto_b_56.jpg 1 0 0 38 46
p/objeto_b_55.jpg 1 0 0 38 46
p/objeto_b_54.jpg 1 0 0 38 46
p/objeto_b_53.jpg 1 0 0 38 46
p/objeto_b_52.jpg 1 0 0 38 46
p/objeto_b_51.jpg 1 0 0 38 46
p/objeto_b_50.jpg 1 0 0 38 46
p/objeto_b_49.jpg 1 0 0 38 46
p/objeto_b_48.jpg 1 0 0 38 46
p/objeto_b_47.jpg 1 0 0 38 46
p/objeto_b_46.jpg 1 0 0 38 46
p/objeto_b_45.jpg 1 0 0 38 46
p/objeto_b_44.jpg 1 0 0 38 46
p/objeto_b_43.jpg 1 0 0 38 46
p/objeto_b_42.jpg 1 0 0 38 46
p/objeto_b_41.jpg 1 0 0 38 46
p/objeto_b_40.jpg 1 0 0 38 46
p/objeto_b_39.jpg 1 0 0 38 46
p/objeto_b_38.jpg 1 0 0 38 46
p/objeto_b_37.jpg 1 0 0 38 46
p/objeto_b_36.jpg 1 0 0 38 46
p/objeto_b_35.jpg 1 0 0 38 46
p/objeto_b_34.jpg 1 0 0 38 46
p/objeto_b_33.jpg 1 0 0 38 46
p/objeto_b_32.jpg 1 0 0 38 46
p/objeto_b_31.jpg 1 0 0 38 46
p/objeto_b_30.jpg 1 0 0 38 46
p/objeto_b_29.jpg 1 0 0 38 46
p/objeto_b_28.jpg 1 0 0 38 46
p/objeto_b_27.jpg 1 0 0 38 46
p/objeto_b_26.jpg 1 0 0 38 46
p/objeto_b_25.jpg 1 0 0 38 46
p/objeto_b_24.jpg 1 0 0 38 46
p/objeto_b_23.jpg 1 0 0 38 46
p/objeto_b_22.jpg 1 0 0 38 46
p/objeto_b_21.jpg 1 0 0 38 46
p/objeto_b_20.jpg 1 0 0 38 46
p/objeto_b_19.jpg 1 0 0 38 46
p/objeto_b_18.jpg 1 0 0 38 46
p/objeto_b_17.jpg 1 0 0 38 46
p/objeto_b_16.jpg 1 0 0 38 46
p/objeto_b_15.jpg 1 0 0 38 46
p/objeto_b_14.jpg 1 0 0 38 46
p/objeto_b_13.jpg 1 0 0 38 46
p/objeto_b_12.jpg 1 0 0 38 46
p/objeto_b_11.jpg 1 0 0 38 46
p/objeto_b_10.jpg 1 0 0 38 46
p/objeto_b_9.jpg 1 0 0 38 46
p/objeto_b_8.jpg 1 0 0 38 46
p/objeto_b_7.jpg 1 0 0 38 46
p/objeto_b_6.jpg 1 0 0 38 46
p/objeto_b_5.jpg 1 0 0 38 46
p/objeto_b_4.jpg 1 0 0 38 46
p/objeto_b_3.jpg 1 0 0 38 46
p/objeto_b_2.jpg 1 0 0 38 46
p/objeto_b_1.jpg 1 0 0 38 46
p/objeto_b_0.jpg 1 0 0 38 46